{"/app/src/app.ts": {"path":"/app/src/app.ts","statementMap":{"0":{"start":{"line":6,"column":0},"end":{"line":6,"column":16}},"1":{"start":{"line":8,"column":0},"end":{"line":8,"column":68}}},"fnMap":{},"branchMap":{},"s":{"0":2,"1":2},"f":{},"b":{}}
,"/app/src/main.ts": {"path":"/app/src/main.ts","statementMap":{"0":{"start":{"line":4,"column":0},"end":{"line":4,"column":48}},"1":{"start":{"line":8,"column":4},"end":{"line":8,"column":22}},"2":{"start":{"line":12,"column":4},"end":{"line":12,"column":47}},"3":{"start":{"line":14,"column":4},"end":{"line":20,"column":5}},"4":{"start":{"line":15,"column":6},"end":{"line":17,"column":9}},"5":{"start":{"line":16,"column":8},"end":{"line":16,"column":24}},"6":{"start":{"line":19,"column":6},"end":{"line":19,"column":22}},"7":{"start":{"line":24,"column":25},"end":{"line":24,"column":65}},"8":{"start":{"line":25,"column":4},"end":{"line":30,"column":5}},"9":{"start":{"line":26,"column":6},"end":{"line":26,"column":62}},"10":{"start":{"line":27,"column":6},"end":{"line":27,"column":34}},"11":{"start":{"line":29,"column":6},"end":{"line":29,"column":56}},"12":{"start":{"line":35,"column":0},"end":{"line":35,"column":18}}},"fnMap":{"0":{"name":"(anonymous_0)","decl":{"start":{"line":7,"column":2},"end":{"line":7,"column":null}},"loc":{"start":{"line":7,"column":2},"end":{"line":9,"column":3}}},"1":{"name":"(anonymous_1)","decl":{"start":{"line":11,"column":10},"end":{"line":11,"column":20}},"loc":{"start":{"line":11,"column":20},"end":{"line":21,"column":3}}},"2":{"name":"(anonymous_2)","decl":{"start":{"line":15,"column":52},"end":{"line":15,"column":55}},"loc":{"start":{"line":15,"column":57},"end":{"line":17,"column":7}}},"3":{"name":"(anonymous_3)","decl":{"start":{"line":23,"column":10},"end":{"line":23,"column":18}},"loc":{"start":{"line":23,"column":18},"end":{"line":31,"column":3}}}},"branchMap":{"0":{"loc":{"start":{"line":14,"column":4},"end":{"line":20,"column":5}},"type":"if","locations":[{"start":{"line":14,"column":4},"end":{"line":20,"column":5}},{"start":{"line":18,"column":11},"end":{"line":20,"column":5}}]},"1":{"loc":{"start":{"line":25,"column":4},"end":{"line":30,"column":5}},"type":"if","locations":[{"start":{"line":25,"column":4},"end":{"line":30,"column":5}},{"start":{"line":28,"column":11},"end":{"line":30,"column":5}}]}},"s":{"0":3,"1":3,"2":3,"3":3,"4":1,"5":1,"6":2,"7":3,"8":3,"9":2,"10":2,"11":1,"12":3},"f":{"0":3,"1":3,"2":1,"3":3},"b":{"0":[1,2],"1":[2,1]}}
,"/app/src/models/index.ts": {"path":"/app/src/models/index.ts","statementMap":{"0":{"start":{"line":65,"column":0},"end":{"line":65,"column":null}},"1":{"start":{"line":66,"column":2},"end":{"line":66,"column":null}},"2":{"start":{"line":67,"column":2},"end":{"line":67,"column":null}}},"fnMap":{"0":{"name":"(anonymous_0)","decl":{"start":{"line":65,"column":0},"end":{"line":65,"column":12}},"loc":{"start":{"line":65,"column":20},"end":{"line":68,"column":1}}}},"branchMap":{"0":{"loc":{"start":{"line":65,"column":12},"end":{"line":65,"column":null}},"type":"binary-expr","locations":[{"start":{"line":65,"column":12},"end":{"line":65,"column":20}},{"start":{"line":65,"column":20},"end":{"line":65,"column":null}}]}},"s":{"0":0,"1":0,"2":0},"f":{"0":0},"b":{"0":[0,0]}}
,"/app/src/services/calculation.service.ts": {"path":"/app/src/services/calculation.service.ts","statementMap":{"0":{"start":{"line":48,"column":0},"end":{"line":48,"column":16}},"1":{"start":{"line":120,"column":0},"end":{"line":120,"column":16}},"2":{"start":{"line":26,"column":16},"end":{"line":26,"column":17}},"3":{"start":{"line":27,"column":2},"end":{"line":29,"column":3}},"4":{"start":{"line":28,"column":4},"end":{"line":28,"column":63}},"5":{"start":{"line":30,"column":2},"end":{"line":32,"column":3}},"6":{"start":{"line":31,"column":4},"end":{"line":31,"column":40}},"7":{"start":{"line":33,"column":2},"end":{"line":35,"column":3}},"8":{"start":{"line":34,"column":4},"end":{"line":34,"column":28}},"9":{"start":{"line":36,"column":2},"end":{"line":36,"column":17}},"10":{"start":{"line":52,"column":26},"end":{"line":52,"column":28}},"11":{"start":{"line":55,"column":18},"end":{"line":59,"column":null}},"12":{"start":{"line":61,"column":16},"end":{"line":61,"column":99}},"13":{"start":{"line":63,"column":27},"end":{"line":63,"column":42}},"14":{"start":{"line":64,"column":22},"end":{"line":64,"column":38}},"15":{"start":{"line":71,"column":2},"end":{"line":77,"column":3}},"16":{"start":{"line":72,"column":4},"end":{"line":74,"column":6}},"17":{"start":{"line":80,"column":26},"end":{"line":80,"column":27}},"18":{"start":{"line":83,"column":2},"end":{"line":91,"column":3}},"19":{"start":{"line":84,"column":4},"end":{"line":84,"column":73}},"20":{"start":{"line":85,"column":9},"end":{"line":91,"column":3}},"21":{"start":{"line":87,"column":23},"end":{"line":87,"column":62}},"22":{"start":{"line":88,"column":4},"end":{"line":88,"column":54}},"23":{"start":{"line":90,"column":4},"end":{"line":90,"column":71}},"24":{"start":{"line":96,"column":2},"end":{"line":102,"column":3}},"25":{"start":{"line":98,"column":4},"end":{"line":98,"column":54}},"26":{"start":{"line":101,"column":4},"end":{"line":101,"column":91}},"27":{"start":{"line":104,"column":2},"end":{"line":110,"column":4}},"28":{"start":{"line":124,"column":43},"end":{"line":124,"column":45}},"29":{"start":{"line":125,"column":2},"end":{"line":142,"column":3}},"30":{"start":{"line":126,"column":20},"end":{"line":126,"column":68}},"31":{"start":{"line":126,"column":44},"end":{"line":126,"column":67}},"32":{"start":{"line":127,"column":4},"end":{"line":141,"column":5}},"33":{"start":{"line":128,"column":6},"end":{"line":128,"column":66}},"34":{"start":{"line":130,"column":6},"end":{"line":132,"column":8}},"35":{"start":{"line":134,"column":6},"end":{"line":140,"column":9}},"36":{"start":{"line":143,"column":2},"end":{"line":143,"column":17}},"37":{"start":{"line":146,"column":0},"end":{"line":146,"column":43}}},"fnMap":{"0":{"name":"getTotalVolumeMl","decl":{"start":{"line":20,"column":9},"end":{"line":20,"column":25}},"loc":{"start":{"line":24,"column":18},"end":{"line":37,"column":1}}},"1":{"name":"calculateSingleItemConsumption","decl":{"start":{"line":48,"column":16},"end":{"line":48,"column":46}},"loc":{"start":{"line":50,"column":18},"end":{"line":111,"column":1}}},"2":{"name":"calculateAreaConsumption","decl":{"start":{"line":120,"column":16},"end":{"line":120,"column":40}},"loc":{"start":{"line":122,"column":24},"end":{"line":144,"column":1}}},"3":{"name":"(anonymous_3)","decl":{"start":{"line":126,"column":37},"end":{"line":126,"column":38}},"loc":{"start":{"line":126,"column":44},"end":{"line":126,"column":67}}}},"branchMap":{"0":{"loc":{"start":{"line":27,"column":2},"end":{"line":29,"column":3}},"type":"if","locations":[{"start":{"line":27,"column":2},"end":{"line":29,"column":3}}]},"1":{"loc":{"start":{"line":27,"column":6},"end":{"line":27,"column":66}},"type":"binary-expr","locations":[{"start":{"line":27,"column":6},"end":{"line":27,"column":27}},{"start":{"line":27,"column":31},"end":{"line":27,"column":56}},{"start":{"line":27,"column":60},"end":{"line":27,"column":66}}]},"2":{"loc":{"start":{"line":30,"column":2},"end":{"line":32,"column":3}},"type":"if","locations":[{"start":{"line":30,"column":2},"end":{"line":32,"column":3}}]},"3":{"loc":{"start":{"line":33,"column":2},"end":{"line":35,"column":3}},"type":"if","locations":[{"start":{"line":33,"column":2},"end":{"line":35,"column":3}}]},"4":{"loc":{"start":{"line":71,"column":2},"end":{"line":77,"column":3}},"type":"if","locations":[{"start":{"line":71,"column":2},"end":{"line":77,"column":3}}]},"5":{"loc":{"start":{"line":83,"column":2},"end":{"line":91,"column":3}},"type":"if","locations":[{"start":{"line":83,"column":2},"end":{"line":91,"column":3}},{"start":{"line":85,"column":9},"end":{"line":91,"column":3}}]},"6":{"loc":{"start":{"line":83,"column":6},"end":{"line":83,"column":56}},"type":"binary-expr","locations":[{"start":{"line":83,"column":6},"end":{"line":83,"column":27}},{"start":{"line":83,"column":31},"end":{"line":83,"column":56}}]},"7":{"loc":{"start":{"line":85,"column":9},"end":{"line":91,"column":3}},"type":"if","locations":[{"start":{"line":85,"column":9},"end":{"line":91,"column":3}},{"start":{"line":89,"column":9},"end":{"line":91,"column":3}}]},"8":{"loc":{"start":{"line":85,"column":13},"end":{"line":85,"column":57}},"type":"binary-expr","locations":[{"start":{"line":85,"column":13},"end":{"line":85,"column":35}},{"start":{"line":85,"column":39},"end":{"line":85,"column":57}}]},"9":{"loc":{"start":{"line":96,"column":2},"end":{"line":102,"column":3}},"type":"if","locations":[{"start":{"line":96,"column":2},"end":{"line":102,"column":3}},{"start":{"line":99,"column":9},"end":{"line":102,"column":3}}]},"10":{"loc":{"start":{"line":127,"column":4},"end":{"line":141,"column":5}},"type":"if","locations":[{"start":{"line":127,"column":4},"end":{"line":141,"column":5}},{"start":{"line":129,"column":11},"end":{"line":141,"column":5}}]}},"s":{"0":1,"1":1,"2":48,"3":48,"4":33,"5":48,"6":29,"7":48,"8":20,"9":48,"10":24,"11":24,"12":24,"13":24,"14":24,"15":24,"16":2,"17":24,"18":24,"19":19,"20":5,"21":1,"22":1,"23":4,"24":24,"25":23,"26":1,"27":24,"28":6,"29":6,"30":13,"31":18,"32":13,"33":9,"34":4,"35":4,"36":6,"37":1},"f":{"0":48,"1":24,"2":6,"3":18},"b":{"0":[33],"1":[48,46,46],"2":[29],"3":[20],"4":[2],"5":[19,5],"6":[24,19],"7":[1,4],"8":[5,2],"9":[23,1],"10":[9,4]}}
,"/app/src/services/indexeddb.service.ts": {"path":"/app/src/services/indexeddb.service.ts","statementMap":{"0":{"start":{"line":1,"column":0},"end":{"line":1,"column":53}},"1":{"start":{"line":3,"column":0},"end":{"line":3,"column":65}},"2":{"start":{"line":5,"column":22},"end":{"line":5,"column":38}},"3":{"start":{"line":6,"column":25},"end":{"line":6,"column":26}},"4":{"start":{"line":40,"column":4},"end":{"line":46,"column":5}},"5":{"start":{"line":41,"column":6},"end":{"line":44,"column":8}},"6":{"start":{"line":45,"column":6},"end":{"line":45,"column":49}},"7":{"start":{"line":47,"column":4},"end":{"line":102,"column":7}},"8":{"start":{"line":56,"column":8},"end":{"line":56,"column":86}},"9":{"start":{"line":59,"column":8},"end":{"line":66,"column":9}},"10":{"start":{"line":60,"column":31},"end":{"line":62,"column":12}},"11":{"start":{"line":63,"column":10},"end":{"line":63,"column":59}},"12":{"start":{"line":69,"column":8},"end":{"line":72,"column":9}},"13":{"start":{"line":70,"column":10},"end":{"line":70,"column":63}},"14":{"start":{"line":75,"column":8},"end":{"line":78,"column":9}},"15":{"start":{"line":76,"column":10},"end":{"line":76,"column":69}},"16":{"start":{"line":84,"column":8},"end":{"line":84,"column":100}},"17":{"start":{"line":88,"column":8},"end":{"line":88,"column":87}},"18":{"start":{"line":91,"column":8},"end":{"line":91,"column":93}},"19":{"start":{"line":92,"column":8},"end":{"line":95,"column":10}},"20":{"start":{"line":99,"column":8},"end":{"line":99,"column":71}},"21":{"start":{"line":100,"column":8},"end":{"line":100,"column":91}},"22":{"start":{"line":109,"column":15},"end":{"line":109,"column":35}},"23":{"start":{"line":110,"column":4},"end":{"line":110,"column":39}},"24":{"start":{"line":117,"column":15},"end":{"line":117,"column":35}},"25":{"start":{"line":118,"column":4},"end":{"line":118,"column":48}},"26":{"start":{"line":125,"column":15},"end":{"line":125,"column":35}},"27":{"start":{"line":126,"column":4},"end":{"line":126,"column":43}},"28":{"start":{"line":133,"column":15},"end":{"line":133,"column":35}},"29":{"start":{"line":134,"column":4},"end":{"line":134,"column":43}},"30":{"start":{"line":141,"column":15},"end":{"line":141,"column":35}},"31":{"start":{"line":142,"column":4},"end":{"line":142,"column":51}},"32":{"start":{"line":146,"column":15},"end":{"line":146,"column":35}},"33":{"start":{"line":147,"column":4},"end":{"line":147,"column":38}},"34":{"start":{"line":158,"column":4},"end":{"line":158,"column":35}},"35":{"start":{"line":166,"column":4},"end":{"line":166,"column":41}},"36":{"start":{"line":173,"column":4},"end":{"line":173,"column":36}},"37":{"start":{"line":180,"column":4},"end":{"line":180,"column":43}},"38":{"start":{"line":188,"column":4},"end":{"line":188,"column":54}},"39":{"start":{"line":196,"column":46},"end":{"line":196,"column":79}},"40":{"start":{"line":197,"column":4},"end":{"line":197,"column":51}},"41":{"start":{"line":213,"column":15},"end":{"line":213,"column":35}},"42":{"start":{"line":215,"column":15},"end":{"line":215,"column":87}},"43":{"start":{"line":217,"column":4},"end":{"line":281,"column":5}},"44":{"start":{"line":218,"column":27},"end":{"line":218,"column":53}},"45":{"start":{"line":219,"column":28},"end":{"line":219,"column":55}},"46":{"start":{"line":220,"column":25},"end":{"line":220,"column":57}},"47":{"start":{"line":223,"column":34},"end":{"line":223,"column":65}},"48":{"start":{"line":224,"column":34},"end":{"line":224,"column":73}},"49":{"start":{"line":224,"column":67},"end":{"line":224,"column":71}},"50":{"start":{"line":227,"column":6},"end":{"line":229,"column":7}},"51":{"start":{"line":228,"column":8},"end":{"line":228,"column":40}},"52":{"start":{"line":231,"column":6},"end":{"line":236,"column":7}},"53":{"start":{"line":232,"column":8},"end":{"line":235,"column":9}},"54":{"start":{"line":234,"column":10},"end":{"line":234,"column":44}},"55":{"start":{"line":239,"column":35},"end":{"line":239,"column":67}},"56":{"start":{"line":240,"column":35},"end":{"line":240,"column":75}},"57":{"start":{"line":240,"column":69},"end":{"line":240,"column":73}},"58":{"start":{"line":243,"column":6},"end":{"line":245,"column":7}},"59":{"start":{"line":244,"column":8},"end":{"line":244,"column":42}},"60":{"start":{"line":247,"column":6},"end":{"line":252,"column":7}},"61":{"start":{"line":248,"column":8},"end":{"line":251,"column":9}},"62":{"start":{"line":250,"column":10},"end":{"line":250,"column":45}},"63":{"start":{"line":255,"column":6},"end":{"line":268,"column":7}},"64":{"start":{"line":257,"column":50},"end":{"line":260,"column":10}},"65":{"start":{"line":261,"column":8},"end":{"line":261,"column":42}},"66":{"start":{"line":265,"column":8},"end":{"line":267,"column":10}},"67":{"start":{"line":270,"column":6},"end":{"line":270,"column":20}},"68":{"start":{"line":271,"column":6},"end":{"line":271,"column":76}},"69":{"start":{"line":273,"column":6},"end":{"line":273,"column":88}},"70":{"start":{"line":274,"column":6},"end":{"line":277,"column":8}},"71":{"start":{"line":280,"column":6},"end":{"line":280,"column":18}},"72":{"start":{"line":290,"column":21},"end":{"line":290,"column":50}},"73":{"start":{"line":291,"column":22},"end":{"line":291,"column":52}},"74":{"start":{"line":292,"column":18},"end":{"line":292,"column":66}},"75":{"start":{"line":293,"column":4},"end":{"line":293,"column":42}},"76":{"start":{"line":298,"column":13},"end":{"line":298,"column":48}},"77":{"start":{"line":299,"column":0},"end":{"line":299,"column":46}}},"fnMap":{"0":{"name":"(anonymous_0)","decl":{"start":{"line":39,"column":2},"end":{"line":39,"column":null}},"loc":{"start":{"line":39,"column":2},"end":{"line":103,"column":3}}},"1":{"name":"(anonymous_1)","decl":{"start":{"line":55,"column":6},"end":{"line":55,"column":13}},"loc":{"start":{"line":55,"column":40},"end":{"line":82,"column":7}}},"2":{"name":"(anonymous_2)","decl":{"start":{"line":83,"column":6},"end":{"line":83,"column":13}},"loc":{"start":{"line":83,"column":13},"end":{"line":89,"column":7}}},"3":{"name":"(anonymous_3)","decl":{"start":{"line":90,"column":6},"end":{"line":90,"column":14}},"loc":{"start":{"line":90,"column":14},"end":{"line":97,"column":7}}},"4":{"name":"(anonymous_4)","decl":{"start":{"line":98,"column":6},"end":{"line":98,"column":16}},"loc":{"start":{"line":98,"column":16},"end":{"line":101,"column":7}}},"5":{"name":"(anonymous_5)","decl":{"start":{"line":106,"column":2},"end":{"line":106,"column":7}},"loc":{"start":{"line":107,"column":24},"end":{"line":111,"column":3}}},"6":{"name":"(anonymous_6)","decl":{"start":{"line":113,"column":2},"end":{"line":113,"column":7}},"loc":{"start":{"line":115,"column":47},"end":{"line":119,"column":3}}},"7":{"name":"(anonymous_7)","decl":{"start":{"line":121,"column":2},"end":{"line":121,"column":7}},"loc":{"start":{"line":123,"column":51},"end":{"line":127,"column":3}}},"8":{"name":"(anonymous_8)","decl":{"start":{"line":129,"column":2},"end":{"line":129,"column":7}},"loc":{"start":{"line":131,"column":51},"end":{"line":135,"column":3}}},"9":{"name":"(anonymous_9)","decl":{"start":{"line":137,"column":2},"end":{"line":137,"column":7}},"loc":{"start":{"line":139,"column":47},"end":{"line":143,"column":3}}},"10":{"name":"(anonymous_10)","decl":{"start":{"line":145,"column":2},"end":{"line":145,"column":7}},"loc":{"start":{"line":145,"column":56},"end":{"line":148,"column":3}}},"11":{"name":"(anonymous_11)","decl":{"start":{"line":157,"column":2},"end":{"line":157,"column":7}},"loc":{"start":{"line":157,"column":20},"end":{"line":159,"column":3}}},"12":{"name":"(anonymous_12)","decl":{"start":{"line":165,"column":2},"end":{"line":165,"column":7}},"loc":{"start":{"line":165,"column":36},"end":{"line":167,"column":3}}},"13":{"name":"(anonymous_13)","decl":{"start":{"line":172,"column":2},"end":{"line":172,"column":7}},"loc":{"start":{"line":172,"column":21},"end":{"line":174,"column":3}}},"14":{"name":"(anonymous_14)","decl":{"start":{"line":179,"column":2},"end":{"line":179,"column":7}},"loc":{"start":{"line":179,"column":39},"end":{"line":181,"column":3}}},"15":{"name":"(anonymous_15)","decl":{"start":{"line":186,"column":2},"end":{"line":186,"column":7}},"loc":{"start":{"line":186,"column":25},"end":{"line":189,"column":3}}},"16":{"name":"(anonymous_16)","decl":{"start":{"line":194,"column":2},"end":{"line":194,"column":7}},"loc":{"start":{"line":194,"column":48},"end":{"line":198,"column":3}}},"17":{"name":"(anonymous_17)","decl":{"start":{"line":208,"column":2},"end":{"line":208,"column":7}},"loc":{"start":{"line":212,"column":3},"end":{"line":282,"column":3}}},"18":{"name":"(anonymous_18)","decl":{"start":{"line":224,"column":60},"end":{"line":224,"column":61}},"loc":{"start":{"line":224,"column":67},"end":{"line":224,"column":71}}},"19":{"name":"(anonymous_19)","decl":{"start":{"line":240,"column":62},"end":{"line":240,"column":63}},"loc":{"start":{"line":240,"column":69},"end":{"line":240,"column":73}}},"20":{"name":"(anonymous_20)","decl":{"start":{"line":285,"column":2},"end":{"line":285,"column":7}},"loc":{"start":{"line":285,"column":30},"end":{"line":294,"column":3}}}},"branchMap":{"0":{"loc":{"start":{"line":40,"column":4},"end":{"line":46,"column":5}},"type":"if","locations":[{"start":{"line":40,"column":4},"end":{"line":46,"column":5}}]},"1":{"loc":{"start":{"line":59,"column":8},"end":{"line":66,"column":9}},"type":"if","locations":[{"start":{"line":59,"column":8},"end":{"line":66,"column":9}}]},"2":{"loc":{"start":{"line":69,"column":8},"end":{"line":72,"column":9}},"type":"if","locations":[{"start":{"line":69,"column":8},"end":{"line":72,"column":9}}]},"3":{"loc":{"start":{"line":75,"column":8},"end":{"line":78,"column":9}},"type":"if","locations":[{"start":{"line":75,"column":8},"end":{"line":78,"column":9}}]},"4":{"loc":{"start":{"line":232,"column":8},"end":{"line":235,"column":9}},"type":"if","locations":[{"start":{"line":232,"column":8},"end":{"line":235,"column":9}}]},"5":{"loc":{"start":{"line":248,"column":8},"end":{"line":251,"column":9}},"type":"if","locations":[{"start":{"line":248,"column":8},"end":{"line":251,"column":9}}]},"6":{"loc":{"start":{"line":255,"column":6},"end":{"line":268,"column":7}},"type":"if","locations":[{"start":{"line":255,"column":6},"end":{"line":268,"column":7}},{"start":{"line":262,"column":13},"end":{"line":268,"column":7}}]}},"s":{"0":0,"1":0,"2":0,"3":0,"4":0,"5":0,"6":0,"7":0,"8":0,"9":0,"10":0,"11":0,"12":0,"13":0,"14":0,"15":0,"16":0,"17":0,"18":0,"19":0,"20":0,"21":0,"22":0,"23":0,"24":0,"25":0,"26":0,"27":0,"28":0,"29":0,"30":0,"31":0,"32":0,"33":0,"34":0,"35":0,"36":0,"37":0,"38":0,"39":0,"40":0,"41":0,"42":0,"43":0,"44":0,"45":0,"46":0,"47":0,"48":0,"49":0,"50":0,"51":0,"52":0,"53":0,"54":0,"55":0,"56":0,"57":0,"58":0,"59":0,"60":0,"61":0,"62":0,"63":0,"64":0,"65":0,"66":0,"67":0,"68":0,"69":0,"70":0,"71":0,"72":0,"73":0,"74":0,"75":0,"76":0,"77":0},"f":{"0":0,"1":0,"2":0,"3":0,"4":0,"5":0,"6":0,"7":0,"8":0,"9":0,"10":0,"11":0,"12":0,"13":0,"14":0,"15":0,"16":0,"17":0,"18":0,"19":0,"20":0},"b":{"0":[0],"1":[0],"2":[0],"3":[0],"4":[0],"5":[0],"6":[0,0]}}
,"/app/src/services/theme.service.ts": {"path":"/app/src/services/theme.service.ts","statementMap":{"0":{"start":{"line":1,"column":0},"end":{"line":1,"column":33}},"1":{"start":{"line":3,"column":18},"end":{"line":3,"column":29}},"2":{"start":{"line":4,"column":24},"end":{"line":4,"column":35}},"3":{"start":{"line":10,"column":24},"end":{"line":10,"column":82}},"4":{"start":{"line":14,"column":6},"end":{"line":14,"column":84}},"5":{"start":{"line":16,"column":4},"end":{"line":20,"column":5}},"6":{"start":{"line":17,"column":6},"end":{"line":17,"column":38}},"7":{"start":{"line":19,"column":6},"end":{"line":19,"column":63}},"8":{"start":{"line":21,"column":4},"end":{"line":21,"column":22}},"9":{"start":{"line":24,"column":4},"end":{"line":30,"column":7}},"10":{"start":{"line":26,"column":6},"end":{"line":29,"column":7}},"11":{"start":{"line":27,"column":8},"end":{"line":27,"column":57}},"12":{"start":{"line":28,"column":8},"end":{"line":28,"column":26}},"13":{"start":{"line":34,"column":4},"end":{"line":34,"column":73}},"14":{"start":{"line":35,"column":4},"end":{"line":35,"column":55}},"15":{"start":{"line":36,"column":4},"end":{"line":36,"column":22}},"16":{"start":{"line":40,"column":4},"end":{"line":40,"column":29}},"17":{"start":{"line":44,"column":24},"end":{"line":44,"column":48}},"18":{"start":{"line":45,"column":4},"end":{"line":51,"column":5}},"19":{"start":{"line":46,"column":6},"end":{"line":46,"column":51}},"20":{"start":{"line":47,"column":6},"end":{"line":47,"column":53}},"21":{"start":{"line":49,"column":6},"end":{"line":49,"column":54}},"22":{"start":{"line":50,"column":6},"end":{"line":50,"column":54}},"23":{"start":{"line":58,"column":4},"end":{"line":58,"column":31}},"24":{"start":{"line":65,"column":19},"end":{"line":65,"column":47}},"25":{"start":{"line":66,"column":22},"end":{"line":66,"column":49}},"26":{"start":{"line":67,"column":22},"end":{"line":67,"column":80}},"27":{"start":{"line":70,"column":4},"end":{"line":91,"column":5}},"28":{"start":{"line":71,"column":6},"end":{"line":71,"column":39}},"29":{"start":{"line":74,"column":6},"end":{"line":80,"column":7}},"30":{"start":{"line":76,"column":8},"end":{"line":76,"column":53}},"31":{"start":{"line":77,"column":8},"end":{"line":77,"column":52}},"32":{"start":{"line":81,"column":6},"end":{"line":83,"column":7}},"33":{"start":{"line":82,"column":8},"end":{"line":82,"column":63}},"34":{"start":{"line":84,"column":6},"end":{"line":86,"column":7}},"35":{"start":{"line":85,"column":8},"end":{"line":85,"column":55}},"36":{"start":{"line":88,"column":6},"end":{"line":90,"column":9}},"37":{"start":{"line":89,"column":8},"end":{"line":89,"column":26}},"38":{"start":{"line":6,"column":0},"end":{"line":6,"column":13}},"39":{"start":{"line":95,"column":13},"end":{"line":95,"column":47}},"40":{"start":{"line":96,"column":0},"end":{"line":96,"column":84}}},"fnMap":{"0":{"name":"(anonymous_0)","decl":{"start":{"line":9,"column":2},"end":{"line":9,"column":null}},"loc":{"start":{"line":9,"column":2},"end":{"line":31,"column":3}}},"1":{"name":"(anonymous_1)","decl":{"start":{"line":24,"column":81},"end":{"line":24,"column":82}},"loc":{"start":{"line":24,"column":87},"end":{"line":30,"column":5}}},"2":{"name":"(anonymous_2)","decl":{"start":{"line":33,"column":9},"end":{"line":33,"column":20}},"loc":{"start":{"line":33,"column":20},"end":{"line":37,"column":3}}},"3":{"name":"(anonymous_3)","decl":{"start":{"line":39,"column":9},"end":{"line":39,"column":24}},"loc":{"start":{"line":39,"column":24},"end":{"line":41,"column":3}}},"4":{"name":"(anonymous_4)","decl":{"start":{"line":43,"column":10},"end":{"line":43,"column":20}},"loc":{"start":{"line":43,"column":20},"end":{"line":59,"column":3}}},"5":{"name":"(anonymous_5)","decl":{"start":{"line":61,"column":10},"end":{"line":61,"column":29}},"loc":{"start":{"line":61,"column":29},"end":{"line":92,"column":3}}},"6":{"name":"(anonymous_6)","decl":{"start":{"line":88,"column":45},"end":{"line":88,"column":46}},"loc":{"start":{"line":88,"column":58},"end":{"line":90,"column":7}}}},"branchMap":{"0":{"loc":{"start":{"line":14,"column":6},"end":{"line":14,"column":84}},"type":"binary-expr","locations":[{"start":{"line":14,"column":6},"end":{"line":14,"column":23}},{"start":{"line":14,"column":27},"end":{"line":14,"column":84}}]},"1":{"loc":{"start":{"line":16,"column":4},"end":{"line":20,"column":5}},"type":"if","locations":[{"start":{"line":16,"column":4},"end":{"line":20,"column":5}},{"start":{"line":18,"column":11},"end":{"line":20,"column":5}}]},"2":{"loc":{"start":{"line":19,"column":26},"end":{"line":19,"column":62}},"type":"cond-expr","locations":[{"start":{"line":19,"column":46},"end":{"line":19,"column":52}},{"start":{"line":19,"column":55},"end":{"line":19,"column":62}}]},"3":{"loc":{"start":{"line":26,"column":6},"end":{"line":29,"column":7}},"type":"if","locations":[{"start":{"line":26,"column":6},"end":{"line":29,"column":7}}]},"4":{"loc":{"start":{"line":27,"column":28},"end":{"line":27,"column":56}},"type":"cond-expr","locations":[{"start":{"line":27,"column":40},"end":{"line":27,"column":46}},{"start":{"line":27,"column":49},"end":{"line":27,"column":56}}]},"5":{"loc":{"start":{"line":34,"column":24},"end":{"line":34,"column":72}},"type":"cond-expr","locations":[{"start":{"line":34,"column":56},"end":{"line":34,"column":62}},{"start":{"line":34,"column":65},"end":{"line":34,"column":72}}]},"6":{"loc":{"start":{"line":45,"column":4},"end":{"line":51,"column":5}},"type":"if","locations":[{"start":{"line":45,"column":4},"end":{"line":51,"column":5}},{"start":{"line":48,"column":11},"end":{"line":51,"column":5}}]},"7":{"loc":{"start":{"line":66,"column":22},"end":{"line":66,"column":49}},"type":"cond-expr","locations":[{"start":{"line":66,"column":31},"end":{"line":66,"column":40}},{"start":{"line":66,"column":43},"end":{"line":66,"column":49}}]},"8":{"loc":{"start":{"line":67,"column":22},"end":{"line":67,"column":80}},"type":"cond-expr","locations":[{"start":{"line":67,"column":31},"end":{"line":67,"column":57}},{"start":{"line":67,"column":60},"end":{"line":67,"column":80}}]},"9":{"loc":{"start":{"line":70,"column":4},"end":{"line":91,"column":5}},"type":"if","locations":[{"start":{"line":70,"column":4},"end":{"line":91,"column":5}}]},"10":{"loc":{"start":{"line":70,"column":8},"end":{"line":70,"column":54}},"type":"binary-expr","locations":[{"start":{"line":70,"column":8},"end":{"line":70,"column":36}},{"start":{"line":70,"column":40},"end":{"line":70,"column":54}}]},"11":{"loc":{"start":{"line":74,"column":6},"end":{"line":80,"column":7}},"type":"if","locations":[{"start":{"line":74,"column":6},"end":{"line":80,"column":7}}]},"12":{"loc":{"start":{"line":81,"column":6},"end":{"line":83,"column":7}},"type":"if","locations":[{"start":{"line":81,"column":6},"end":{"line":83,"column":7}}]},"13":{"loc":{"start":{"line":84,"column":6},"end":{"line":86,"column":7}},"type":"if","locations":[{"start":{"line":84,"column":6},"end":{"line":86,"column":7}}]}},"s":{"0":0,"1":0,"2":0,"3":0,"4":0,"5":0,"6":0,"7":0,"8":0,"9":0,"10":0,"11":0,"12":0,"13":0,"14":0,"15":0,"16":0,"17":0,"18":0,"19":0,"20":0,"21":0,"22":0,"23":0,"24":0,"25":0,"26":0,"27":0,"28":0,"29":0,"30":0,"31":0,"32":0,"33":0,"34":0,"35":0,"36":0,"37":0,"38":0,"39":0,"40":0},"f":{"0":0,"1":0,"2":0,"3":0,"4":0,"5":0,"6":0},"b":{"0":[0,0],"1":[0,0],"2":[0,0],"3":[0],"4":[0,0],"5":[0,0],"6":[0,0],"7":[0,0],"8":[0,0],"9":[0],"10":[0,0],"11":[0],"12":[0],"13":[0]}}
,"/app/src/state/product.store.ts": {"path":"/app/src/state/product.store.ts","statementMap":{"0":{"start":{"line":2,"column":0},"end":{"line":2,"column":58}},"1":{"start":{"line":13,"column":32},"end":{"line":13,"column":34}},"2":{"start":{"line":14,"column":45},"end":{"line":14,"column":47}},"3":{"start":{"line":22,"column":4},"end":{"line":28,"column":7}},"4":{"start":{"line":23,"column":19},"end":{"line":23,"column":43}},"5":{"start":{"line":24,"column":19},"end":{"line":24,"column":43}},"6":{"start":{"line":25,"column":6},"end":{"line":25,"column":33}},"7":{"start":{"line":25,"column":23},"end":{"line":25,"column":33}},"8":{"start":{"line":26,"column":6},"end":{"line":26,"column":32}},"9":{"start":{"line":26,"column":23},"end":{"line":26,"column":32}},"10":{"start":{"line":27,"column":6},"end":{"line":27,"column":66}},"11":{"start":{"line":32,"column":27},"end":{"line":32,"column":59}},"12":{"start":{"line":33,"column":4},"end":{"line":33,"column":69}},"13":{"start":{"line":33,"column":43},"end":{"line":33,"column":67}},"14":{"start":{"line":42,"column":4},"end":{"line":42,"column":36}},"15":{"start":{"line":45,"column":4},"end":{"line":47,"column":6}},"16":{"start":{"line":46,"column":6},"end":{"line":46,"column":33}},"17":{"start":{"line":55,"column":4},"end":{"line":55,"column":74}},"18":{"start":{"line":55,"column":56},"end":{"line":55,"column":72}},"19":{"start":{"line":63,"column":4},"end":{"line":63,"column":44}},"20":{"start":{"line":70,"column":4},"end":{"line":77,"column":5}},"21":{"start":{"line":71,"column":6},"end":{"line":71,"column":53}},"22":{"start":{"line":72,"column":6},"end":{"line":72,"column":31}},"23":{"start":{"line":74,"column":6},"end":{"line":74,"column":75}},"24":{"start":{"line":76,"column":6},"end":{"line":76,"column":18}},"25":{"start":{"line":88,"column":4},"end":{"line":96,"column":5}},"26":{"start":{"line":89,"column":6},"end":{"line":89,"column":43}},"27":{"start":{"line":90,"column":6},"end":{"line":90,"column":34}},"28":{"start":{"line":91,"column":6},"end":{"line":91,"column":31}},"29":{"start":{"line":92,"column":6},"end":{"line":92,"column":21}},"30":{"start":{"line":94,"column":6},"end":{"line":94,"column":65}},"31":{"start":{"line":95,"column":6},"end":{"line":95,"column":18}},"32":{"start":{"line":105,"column":4},"end":{"line":120,"column":5}},"33":{"start":{"line":106,"column":6},"end":{"line":106,"column":43}},"34":{"start":{"line":107,"column":20},"end":{"line":107,"column":71}},"35":{"start":{"line":107,"column":51},"end":{"line":107,"column":70}},"36":{"start":{"line":108,"column":6},"end":{"line":114,"column":7}},"37":{"start":{"line":109,"column":8},"end":{"line":109,"column":39}},"38":{"start":{"line":113,"column":8},"end":{"line":113,"column":36}},"39":{"start":{"line":115,"column":6},"end":{"line":115,"column":31}},"40":{"start":{"line":116,"column":6},"end":{"line":116,"column":21}},"41":{"start":{"line":118,"column":6},"end":{"line":118,"column":67}},"42":{"start":{"line":119,"column":6},"end":{"line":119,"column":18}},"43":{"start":{"line":128,"column":4},"end":{"line":135,"column":5}},"44":{"start":{"line":129,"column":6},"end":{"line":129,"column":52}},"45":{"start":{"line":130,"column":6},"end":{"line":130,"column":70}},"46":{"start":{"line":130,"column":50},"end":{"line":130,"column":68}},"47":{"start":{"line":131,"column":6},"end":{"line":131,"column":31}},"48":{"start":{"line":133,"column":6},"end":{"line":133,"column":67}},"49":{"start":{"line":134,"column":6},"end":{"line":134,"column":18}},"50":{"start":{"line":139,"column":13},"end":{"line":139,"column":47}},"51":{"start":{"line":140,"column":0},"end":{"line":140,"column":41}}},"fnMap":{"0":{"name":"(anonymous_0)","decl":{"start":{"line":16,"column":2},"end":{"line":16,"column":null}},"loc":{"start":{"line":16,"column":2},"end":{"line":18,"column":3}}},"1":{"name":"(anonymous_1)","decl":{"start":{"line":21,"column":10},"end":{"line":21,"column":22}},"loc":{"start":{"line":21,"column":42},"end":{"line":29,"column":3}}},"2":{"name":"(anonymous_2)","decl":{"start":{"line":22,"column":30},"end":{"line":22,"column":31}},"loc":{"start":{"line":22,"column":39},"end":{"line":28,"column":5}}},"3":{"name":"(anonymous_3)","decl":{"start":{"line":31,"column":10},"end":{"line":31,"column":27}},"loc":{"start":{"line":31,"column":27},"end":{"line":34,"column":3}}},"4":{"name":"(anonymous_4)","decl":{"start":{"line":33,"column":29},"end":{"line":33,"column":30}},"loc":{"start":{"line":33,"column":43},"end":{"line":33,"column":67}}},"5":{"name":"(anonymous_5)","decl":{"start":{"line":41,"column":2},"end":{"line":41,"column":11}},"loc":{"start":{"line":41,"column":39},"end":{"line":48,"column":3}}},"6":{"name":"(anonymous_6)","decl":{"start":{"line":45,"column":11},"end":{"line":45,"column":14}},"loc":{"start":{"line":45,"column":16},"end":{"line":47,"column":5}}},"7":{"name":"(anonymous_7)","decl":{"start":{"line":54,"column":2},"end":{"line":54,"column":13}},"loc":{"start":{"line":54,"column":41},"end":{"line":56,"column":3}}},"8":{"name":"(anonymous_8)","decl":{"start":{"line":55,"column":47},"end":{"line":55,"column":48}},"loc":{"start":{"line":55,"column":56},"end":{"line":55,"column":72}}},"9":{"name":"(anonymous_9)","decl":{"start":{"line":62,"column":2},"end":{"line":62,"column":13}},"loc":{"start":{"line":62,"column":13},"end":{"line":64,"column":3}}},"10":{"name":"(anonymous_10)","decl":{"start":{"line":69,"column":2},"end":{"line":69,"column":7}},"loc":{"start":{"line":69,"column":20},"end":{"line":78,"column":3}}},"11":{"name":"(anonymous_11)","decl":{"start":{"line":86,"column":2},"end":{"line":86,"column":7}},"loc":{"start":{"line":86,"column":35},"end":{"line":97,"column":3}}},"12":{"name":"(anonymous_12)","decl":{"start":{"line":104,"column":2},"end":{"line":104,"column":7}},"loc":{"start":{"line":104,"column":38},"end":{"line":121,"column":3}}},"13":{"name":"(anonymous_13)","decl":{"start":{"line":107,"column":44},"end":{"line":107,"column":45}},"loc":{"start":{"line":107,"column":51},"end":{"line":107,"column":70}}},"14":{"name":"(anonymous_14)","decl":{"start":{"line":127,"column":2},"end":{"line":127,"column":7}},"loc":{"start":{"line":127,"column":39},"end":{"line":136,"column":3}}},"15":{"name":"(anonymous_15)","decl":{"start":{"line":130,"column":43},"end":{"line":130,"column":44}},"loc":{"start":{"line":130,"column":50},"end":{"line":130,"column":68}}}},"branchMap":{"0":{"loc":{"start":{"line":25,"column":6},"end":{"line":25,"column":33}},"type":"if","locations":[{"start":{"line":25,"column":6},"end":{"line":25,"column":33}}]},"1":{"loc":{"start":{"line":26,"column":6},"end":{"line":26,"column":32}},"type":"if","locations":[{"start":{"line":26,"column":6},"end":{"line":26,"column":32}}]},"2":{"loc":{"start":{"line":27,"column":13},"end":{"line":27,"column":65}},"type":"cond-expr","locations":[{"start":{"line":27,"column":59},"end":{"line":27,"column":61}},{"start":{"line":27,"column":64},"end":{"line":27,"column":65}}]},"3":{"loc":{"start":{"line":108,"column":6},"end":{"line":114,"column":7}},"type":"if","locations":[{"start":{"line":108,"column":6},"end":{"line":114,"column":7}},{"start":{"line":110,"column":13},"end":{"line":114,"column":7}}]}},"s":{"0":1,"1":1,"2":1,"3":19,"4":11,"5":11,"6":11,"7":1,"8":10,"9":10,"10":0,"11":9,"12":9,"13":5,"14":7,"15":7,"16":1,"17":2,"18":3,"19":10,"20":6,"21":6,"22":5,"23":1,"24":1,"25":2,"26":2,"27":1,"28":1,"29":1,"30":1,"31":1,"32":3,"33":3,"34":2,"35":1,"36":2,"37":1,"38":1,"39":2,"40":2,"41":1,"42":1,"43":2,"44":2,"45":1,"46":2,"47":1,"48":1,"49":1,"50":1,"51":1},"f":{"0":1,"1":19,"2":11,"3":9,"4":5,"5":7,"6":1,"7":2,"8":3,"9":10,"10":6,"11":2,"12":3,"13":1,"14":2,"15":2},"b":{"0":[1],"1":[10],"2":[0,0],"3":[1,1]}}
,"/app/src/ui/ui-manager.ts": {"path":"/app/src/ui/ui-manager.ts","statementMap":{"0":{"start":{"line":18,"column":0},"end":{"line":18,"column":16}},"1":{"start":{"line":1,"column":0},"end":{"line":1,"column":57}},"2":{"start":{"line":2,"column":0},"end":{"line":2,"column":64}},"3":{"start":{"line":3,"column":0},"end":{"line":3,"column":68}},"4":{"start":{"line":4,"column":0},"end":{"line":4,"column":66}},"5":{"start":{"line":5,"column":0},"end":{"line":5,"column":64}},"6":{"start":{"line":8,"column":39},"end":{"line":8,"column":43}},"7":{"start":{"line":12,"column":28},"end":{"line":12,"column":39}},"8":{"start":{"line":19,"column":2},"end":{"line":19,"column":27}},"9":{"start":{"line":20,"column":2},"end":{"line":20,"column":17}},"10":{"start":{"line":21,"column":2},"end":{"line":21,"column":26}},"11":{"start":{"line":30,"column":2},"end":{"line":30,"column":28}},"12":{"start":{"line":30,"column":21},"end":{"line":30,"column":28}},"13":{"start":{"line":32,"column":2},"end":{"line":48,"column":6}},"14":{"start":{"line":50,"column":2},"end":{"line":57,"column":5}},"15":{"start":{"line":51,"column":4},"end":{"line":56,"column":7}},"16":{"start":{"line":52,"column":24},"end":{"line":52,"column":73}},"17":{"start":{"line":53,"column":6},"end":{"line":55,"column":7}},"18":{"start":{"line":54,"column":8},"end":{"line":54,"column":29}},"19":{"start":{"line":59,"column":2},"end":{"line":63,"column":5}},"20":{"start":{"line":60,"column":4},"end":{"line":60,"column":31}},"21":{"start":{"line":72,"column":2},"end":{"line":72,"column":25}},"22":{"start":{"line":73,"column":24},"end":{"line":73,"column":65}},"23":{"start":{"line":74,"column":2},"end":{"line":77,"column":3}},"24":{"start":{"line":75,"column":4},"end":{"line":75,"column":47}},"25":{"start":{"line":76,"column":4},"end":{"line":76,"column":11}},"26":{"start":{"line":80,"column":2},"end":{"line":80,"column":31}},"27":{"start":{"line":81,"column":2},"end":{"line":81,"column":26}},"28":{"start":{"line":83,"column":2},"end":{"line":101,"column":3}},"29":{"start":{"line":85,"column":6},"end":{"line":85,"column":41}},"30":{"start":{"line":86,"column":6},"end":{"line":86,"column":12}},"31":{"start":{"line":88,"column":6},"end":{"line":88,"column":40}},"32":{"start":{"line":89,"column":6},"end":{"line":89,"column":12}},"33":{"start":{"line":91,"column":6},"end":{"line":91,"column":39}},"34":{"start":{"line":92,"column":6},"end":{"line":92,"column":12}},"35":{"start":{"line":94,"column":6},"end":{"line":94,"column":39}},"36":{"start":{"line":95,"column":6},"end":{"line":95,"column":12}},"37":{"start":{"line":97,"column":6},"end":{"line":97,"column":69}},"38":{"start":{"line":98,"column":6},"end":{"line":98,"column":12}},"39":{"start":{"line":100,"column":6},"end":{"line":100,"column":61}},"40":{"start":{"line":102,"column":2},"end":{"line":102,"column":42}},"41":{"start":{"line":109,"column":2},"end":{"line":115,"column":5}},"42":{"start":{"line":110,"column":4},"end":{"line":114,"column":5}},"43":{"start":{"line":111,"column":6},"end":{"line":111,"column":37}},"44":{"start":{"line":113,"column":6},"end":{"line":113,"column":40}},"45":{"start":{"line":118,"column":0},"end":{"line":118,"column":39}}},"fnMap":{"0":{"name":"initializeApp","decl":{"start":{"line":18,"column":16},"end":{"line":18,"column":29}},"loc":{"start":{"line":18,"column":52},"end":{"line":22,"column":1}}},"1":{"name":"renderLayout","decl":{"start":{"line":29,"column":9},"end":{"line":29,"column":21}},"loc":{"start":{"line":29,"column":21},"end":{"line":64,"column":1}}},"2":{"name":"(anonymous_2)","decl":{"start":{"line":50,"column":61},"end":{"line":50,"column":62}},"loc":{"start":{"line":50,"column":72},"end":{"line":57,"column":3}}},"3":{"name":"(anonymous_3)","decl":{"start":{"line":51,"column":37},"end":{"line":51,"column":38}},"loc":{"start":{"line":51,"column":43},"end":{"line":56,"column":5}}},"4":{"name":"(anonymous_4)","decl":{"start":{"line":59,"column":73},"end":{"line":59,"column":76}},"loc":{"start":{"line":59,"column":78},"end":{"line":63,"column":3}}},"5":{"name":"navigateTo","decl":{"start":{"line":71,"column":9},"end":{"line":71,"column":19}},"loc":{"start":{"line":71,"column":38},"end":{"line":103,"column":1}}},"6":{"name":"updateActiveNavButton","decl":{"start":{"line":108,"column":9},"end":{"line":108,"column":30}},"loc":{"start":{"line":108,"column":30},"end":{"line":116,"column":1}}},"7":{"name":"(anonymous_7)","decl":{"start":{"line":109,"column":61},"end":{"line":109,"column":62}},"loc":{"start":{"line":109,"column":72},"end":{"line":115,"column":3}}}},"branchMap":{"0":{"loc":{"start":{"line":30,"column":2},"end":{"line":30,"column":28}},"type":"if","locations":[{"start":{"line":30,"column":2},"end":{"line":30,"column":28}}]},"1":{"loc":{"start":{"line":53,"column":6},"end":{"line":55,"column":7}},"type":"if","locations":[{"start":{"line":53,"column":6},"end":{"line":55,"column":7}}]},"2":{"loc":{"start":{"line":74,"column":2},"end":{"line":77,"column":3}},"type":"if","locations":[{"start":{"line":74,"column":2},"end":{"line":77,"column":3}}]},"3":{"loc":{"start":{"line":83,"column":2},"end":{"line":101,"column":3}},"type":"switch","locations":[{"start":{"line":84,"column":4},"end":{"line":86,"column":12}},{"start":{"line":87,"column":4},"end":{"line":89,"column":12}},{"start":{"line":90,"column":4},"end":{"line":92,"column":12}},{"start":{"line":93,"column":4},"end":{"line":95,"column":12}},{"start":{"line":96,"column":4},"end":{"line":98,"column":12}},{"start":{"line":99,"column":4},"end":{"line":100,"column":61}}]},"4":{"loc":{"start":{"line":110,"column":4},"end":{"line":114,"column":5}},"type":"if","locations":[{"start":{"line":110,"column":4},"end":{"line":114,"column":5}},{"start":{"line":112,"column":11},"end":{"line":114,"column":5}}]}},"s":{"0":1,"1":1,"2":1,"3":1,"4":1,"5":1,"6":1,"7":1,"8":13,"9":13,"10":13,"11":13,"12":0,"13":13,"14":13,"15":65,"16":8,"17":8,"18":8,"19":13,"20":1,"21":21,"22":21,"23":21,"24":1,"25":1,"26":20,"27":20,"28":20,"29":2,"30":2,"31":6,"32":6,"33":5,"34":5,"35":2,"36":2,"37":2,"38":2,"39":3,"40":20,"41":20,"42":100,"43":18,"44":82,"45":1},"f":{"0":13,"1":13,"2":65,"3":8,"4":1,"5":21,"6":20,"7":100},"b":{"0":[0],"1":[8],"2":[1],"3":[2,6,5,2,2,3],"4":[18,82]}}
,"/app/src/ui/components/analytics-view.ts": {"path":"/app/src/ui/components/analytics-view.ts","statementMap":{"0":{"start":{"line":23,"column":0},"end":{"line":23,"column":7}},"1":{"start":{"line":1,"column":0},"end":{"line":1,"column":61}},"2":{"start":{"line":3,"column":0},"end":{"line":3,"column":78}},"3":{"start":{"line":4,"column":0},"end":{"line":4,"column":48}},"4":{"start":{"line":5,"column":0},"end":{"line":5,"column":50}},"5":{"start":{"line":7,"column":0},"end":{"line":7,"column":33}},"6":{"start":{"line":9,"column":49},"end":{"line":9,"column":53}},"7":{"start":{"line":10,"column":34},"end":{"line":10,"column":36}},"8":{"start":{"line":11,"column":32},"end":{"line":11,"column":34}},"9":{"start":{"line":13,"column":37},"end":{"line":13,"column":41}},"10":{"start":{"line":14,"column":30},"end":{"line":14,"column":34}},"11":{"start":{"line":24,"column":4},"end":{"line":24,"column":39}},"12":{"start":{"line":25,"column":4},"end":{"line":54,"column":6}},"13":{"start":{"line":56,"column":4},"end":{"line":59,"column":7}},"14":{"start":{"line":61,"column":4},"end":{"line":61,"column":31}},"15":{"start":{"line":62,"column":4},"end":{"line":62,"column":122}},"16":{"start":{"line":63,"column":4},"end":{"line":63,"column":120}},"17":{"start":{"line":64,"column":4},"end":{"line":64,"column":114}},"18":{"start":{"line":65,"column":4},"end":{"line":65,"column":94}},"19":{"start":{"line":67,"column":4},"end":{"line":69,"column":7}},"20":{"start":{"line":68,"column":8},"end":{"line":68,"column":90}},"21":{"start":{"line":70,"column":4},"end":{"line":72,"column":7}},"22":{"start":{"line":71,"column":8},"end":{"line":71,"column":72}},"23":{"start":{"line":75,"column":4},"end":{"line":75,"column":25}},"24":{"start":{"line":86,"column":4},"end":{"line":90,"column":5}},"25":{"start":{"line":87,"column":8},"end":{"line":87,"column":135}},"26":{"start":{"line":88,"column":8},"end":{"line":88,"column":79}},"27":{"start":{"line":89,"column":8},"end":{"line":89,"column":15}},"28":{"start":{"line":92,"column":4},"end":{"line":107,"column":5}},"29":{"start":{"line":93,"column":28},"end":{"line":93,"column":57}},"30":{"start":{"line":94,"column":21},"end":{"line":94,"column":48}},"31":{"start":{"line":95,"column":8},"end":{"line":95,"column":32}},"32":{"start":{"line":96,"column":8},"end":{"line":96,"column":40}},"33":{"start":{"line":99,"column":8},"end":{"line":99,"column":40}},"34":{"start":{"line":100,"column":8},"end":{"line":100,"column":21}},"35":{"start":{"line":101,"column":8},"end":{"line":101,"column":40}},"36":{"start":{"line":103,"column":8},"end":{"line":103,"column":92}},"37":{"start":{"line":105,"column":8},"end":{"line":105,"column":101}},"38":{"start":{"line":106,"column":8},"end":{"line":106,"column":74}},"39":{"start":{"line":117,"column":22},"end":{"line":117,"column":95}},"40":{"start":{"line":118,"column":4},"end":{"line":118,"column":27}},"41":{"start":{"line":118,"column":20},"end":{"line":118,"column":27}},"42":{"start":{"line":119,"column":4},"end":{"line":119,"column":82}},"43":{"start":{"line":120,"column":4},"end":{"line":122,"column":7}},"44":{"start":{"line":121,"column":8},"end":{"line":121,"column":52}},"45":{"start":{"line":131,"column":19},"end":{"line":131,"column":99}},"46":{"start":{"line":132,"column":26},"end":{"line":132,"column":98}},"47":{"start":{"line":133,"column":23},"end":{"line":133,"column":92}},"48":{"start":{"line":135,"column":4},"end":{"line":135,"column":86}},"49":{"start":{"line":136,"column":4},"end":{"line":136,"column":84}},"50":{"start":{"line":137,"column":4},"end":{"line":137,"column":34}},"51":{"start":{"line":138,"column":4},"end":{"line":138,"column":31}},"52":{"start":{"line":140,"column":4},"end":{"line":148,"column":5}},"53":{"start":{"line":141,"column":25},"end":{"line":141,"column":66}},"54":{"start":{"line":141,"column":51},"end":{"line":141,"column":65}},"55":{"start":{"line":142,"column":8},"end":{"line":147,"column":9}},"56":{"start":{"line":143,"column":12},"end":{"line":145,"column":15}},"57":{"start":{"line":144,"column":16},"end":{"line":144,"column":72}},"58":{"start":{"line":146,"column":12},"end":{"line":146,"column":43}},"59":{"start":{"line":150,"column":4},"end":{"line":150,"column":61}},"60":{"start":{"line":150,"column":15},"end":{"line":150,"column":32}},"61":{"start":{"line":150,"column":38},"end":{"line":150,"column":61}},"62":{"start":{"line":159,"column":19},"end":{"line":159,"column":99}},"63":{"start":{"line":160,"column":23},"end":{"line":160,"column":102}},"64":{"start":{"line":161,"column":23},"end":{"line":161,"column":92}},"65":{"start":{"line":163,"column":4},"end":{"line":163,"column":84}},"66":{"start":{"line":164,"column":4},"end":{"line":164,"column":31}},"67":{"start":{"line":166,"column":4},"end":{"line":175,"column":5}},"68":{"start":{"line":167,"column":25},"end":{"line":167,"column":66}},"69":{"start":{"line":167,"column":51},"end":{"line":167,"column":65}},"70":{"start":{"line":168,"column":24},"end":{"line":168,"column":72}},"71":{"start":{"line":168,"column":53},"end":{"line":168,"column":71}},"72":{"start":{"line":169,"column":8},"end":{"line":174,"column":9}},"73":{"start":{"line":170,"column":12},"end":{"line":172,"column":15}},"74":{"start":{"line":171,"column":16},"end":{"line":171,"column":63}},"75":{"start":{"line":173,"column":12},"end":{"line":173,"column":40}},"76":{"start":{"line":177,"column":4},"end":{"line":177,"column":21}},"77":{"start":{"line":185,"column":4},"end":{"line":185,"column":21}},"78":{"start":{"line":194,"column":4},"end":{"line":194,"column":53}},"79":{"start":{"line":194,"column":26},"end":{"line":194,"column":53}},"80":{"start":{"line":195,"column":4},"end":{"line":195,"column":39}},"81":{"start":{"line":195,"column":19},"end":{"line":195,"column":39}},"82":{"start":{"line":196,"column":4},"end":{"line":196,"column":28}},"83":{"start":{"line":197,"column":4},"end":{"line":197,"column":21}},"84":{"start":{"line":204,"column":4},"end":{"line":204,"column":62}},"85":{"start":{"line":205,"column":4},"end":{"line":205,"column":25}},"86":{"start":{"line":217,"column":43},"end":{"line":217,"column":45}},"87":{"start":{"line":218,"column":26},"end":{"line":218,"column":39}},"88":{"start":{"line":220,"column":4},"end":{"line":237,"column":5}},"89":{"start":{"line":221,"column":24},"end":{"line":221,"column":71}},"90":{"start":{"line":221,"column":52},"end":{"line":221,"column":70}},"91":{"start":{"line":222,"column":21},"end":{"line":222,"column":62}},"92":{"start":{"line":222,"column":46},"end":{"line":222,"column":61}},"93":{"start":{"line":223,"column":8},"end":{"line":226,"column":9}},"94":{"start":{"line":224,"column":12},"end":{"line":224,"column":49}},"95":{"start":{"line":225,"column":12},"end":{"line":225,"column":83}},"96":{"start":{"line":227,"column":11},"end":{"line":237,"column":5}},"97":{"start":{"line":228,"column":24},"end":{"line":228,"column":71}},"98":{"start":{"line":228,"column":52},"end":{"line":228,"column":70}},"99":{"start":{"line":229,"column":8},"end":{"line":232,"column":9}},"100":{"start":{"line":230,"column":12},"end":{"line":230,"column":87}},"101":{"start":{"line":230,"column":42},"end":{"line":230,"column":85}},"102":{"start":{"line":231,"column":12},"end":{"line":231,"column":67}},"103":{"start":{"line":234,"column":8},"end":{"line":236,"column":11}},"104":{"start":{"line":235,"column":12},"end":{"line":235,"column":87}},"105":{"start":{"line":235,"column":42},"end":{"line":235,"column":85}},"106":{"start":{"line":241,"column":4},"end":{"line":257,"column":5}},"107":{"start":{"line":242,"column":43},"end":{"line":242,"column":76}},"108":{"start":{"line":243,"column":8},"end":{"line":255,"column":9}},"109":{"start":{"line":244,"column":12},"end":{"line":254,"column":13}},"110":{"start":{"line":245,"column":16},"end":{"line":245,"column":76}},"111":{"start":{"line":247,"column":33},"end":{"line":247,"column":80}},"112":{"start":{"line":248,"column":16},"end":{"line":248,"column":93}},"113":{"start":{"line":249,"column":16},"end":{"line":249,"column":96}},"114":{"start":{"line":250,"column":16},"end":{"line":250,"column":111}},"115":{"start":{"line":251,"column":16},"end":{"line":251,"column":87}},"116":{"start":{"line":252,"column":16},"end":{"line":252,"column":90}},"117":{"start":{"line":253,"column":16},"end":{"line":253,"column":105}},"118":{"start":{"line":256,"column":8},"end":{"line":256,"column":73}},"119":{"start":{"line":259,"column":4},"end":{"line":259,"column":47}},"120":{"start":{"line":269,"column":30},"end":{"line":269,"column":71}},"121":{"start":{"line":272,"column":34},"end":{"line":272,"column":123}},"122":{"start":{"line":272,"column":64},"end":{"line":272,"column":122}},"123":{"start":{"line":274,"column":25},"end":{"line":274,"column":118}},"124":{"start":{"line":274,"column":56},"end":{"line":274,"column":117}},"125":{"start":{"line":274,"column":75},"end":{"line":274,"column":95}},"126":{"start":{"line":275,"column":32},"end":{"line":275,"column":87}},"127":{"start":{"line":275,"column":63},"end":{"line":275,"column":86}},"128":{"start":{"line":276,"column":23},"end":{"line":276,"column":74}},"129":{"start":{"line":276,"column":54},"end":{"line":276,"column":73}},"130":{"start":{"line":278,"column":4},"end":{"line":278,"column":80}},"131":{"start":{"line":295,"column":4},"end":{"line":295,"column":112}},"132":{"start":{"line":297,"column":29},"end":{"line":297,"column":71}},"133":{"start":{"line":298,"column":36},"end":{"line":298,"column":134}},"134":{"start":{"line":298,"column":92},"end":{"line":298,"column":130}},"135":{"start":{"line":299,"column":29},"end":{"line":299,"column":117}},"136":{"start":{"line":299,"column":85},"end":{"line":299,"column":113}},"137":{"start":{"line":300,"column":4},"end":{"line":304,"column":6}},"138":{"start":{"line":305,"column":4},"end":{"line":305,"column":64}},"139":{"start":{"line":315,"column":24},"end":{"line":315,"column":104}},"140":{"start":{"line":316,"column":23},"end":{"line":316,"column":102}},"141":{"start":{"line":317,"column":20},"end":{"line":317,"column":96}},"142":{"start":{"line":319,"column":4},"end":{"line":323,"column":5}},"143":{"start":{"line":320,"column":8},"end":{"line":320,"column":61}},"144":{"start":{"line":321,"column":8},"end":{"line":321,"column":31}},"145":{"start":{"line":322,"column":8},"end":{"line":322,"column":15}},"146":{"start":{"line":325,"column":21},"end":{"line":325,"column":67}},"147":{"start":{"line":325,"column":47},"end":{"line":325,"column":66}},"148":{"start":{"line":326,"column":4},"end":{"line":330,"column":5}},"149":{"start":{"line":327,"column":8},"end":{"line":327,"column":68}},"150":{"start":{"line":328,"column":8},"end":{"line":328,"column":31}},"151":{"start":{"line":329,"column":8},"end":{"line":329,"column":15}},"152":{"start":{"line":333,"column":4},"end":{"line":337,"column":5}},"153":{"start":{"line":334,"column":8},"end":{"line":334,"column":100}},"154":{"start":{"line":335,"column":8},"end":{"line":335,"column":31}},"155":{"start":{"line":336,"column":8},"end":{"line":336,"column":15}},"156":{"start":{"line":339,"column":48},"end":{"line":339,"column":100}},"157":{"start":{"line":341,"column":4},"end":{"line":345,"column":5}},"158":{"start":{"line":342,"column":8},"end":{"line":342,"column":108}},"159":{"start":{"line":343,"column":8},"end":{"line":343,"column":31}},"160":{"start":{"line":344,"column":8},"end":{"line":344,"column":15}},"161":{"start":{"line":347,"column":28},"end":{"line":347,"column":85}},"162":{"start":{"line":348,"column":4},"end":{"line":348,"column":54}},"163":{"start":{"line":362,"column":27},"end":{"line":362,"column":92}},"164":{"start":{"line":363,"column":20},"end":{"line":363,"column":78}},"165":{"start":{"line":365,"column":4},"end":{"line":368,"column":5}},"166":{"start":{"line":366,"column":8},"end":{"line":366,"column":63}},"167":{"start":{"line":367,"column":8},"end":{"line":367,"column":15}},"168":{"start":{"line":370,"column":4},"end":{"line":372,"column":5}},"169":{"start":{"line":371,"column":8},"end":{"line":371,"column":35}},"170":{"start":{"line":373,"column":4},"end":{"line":375,"column":5}},"171":{"start":{"line":374,"column":8},"end":{"line":374,"column":28}},"172":{"start":{"line":377,"column":4},"end":{"line":394,"column":7}},"173":{"start":{"line":396,"column":4},"end":{"line":420,"column":5}},"174":{"start":{"line":397,"column":8},"end":{"line":419,"column":11}},"175":{"start":{"line":423,"column":0},"end":{"line":423,"column":51}}},"fnMap":{"0":{"name":"initAnalyticsView","decl":{"start":{"line":23,"column":22},"end":{"line":23,"column":39}},"loc":{"start":{"line":23,"column":62},"end":{"line":76,"column":1}}},"1":{"name":"(anonymous_1)","decl":{"start":{"line":67,"column":87},"end":{"line":67,"column":90}},"loc":{"start":{"line":67,"column":92},"end":{"line":69,"column":5}}},"2":{"name":"(anonymous_2)","decl":{"start":{"line":70,"column":80},"end":{"line":70,"column":83}},"loc":{"start":{"line":70,"column":85},"end":{"line":72,"column":5}}},"3":{"name":"exportChartToPNG","decl":{"start":{"line":85,"column":9},"end":{"line":85,"column":25}},"loc":{"start":{"line":85,"column":112},"end":{"line":108,"column":1}}},"4":{"name":"populateLocationSelector","decl":{"start":{"line":116,"column":9},"end":{"line":116,"column":33}},"loc":{"start":{"line":116,"column":33},"end":{"line":123,"column":1}}},"5":{"name":"(anonymous_5)","decl":{"start":{"line":120,"column":28},"end":{"line":120,"column":31}},"loc":{"start":{"line":120,"column":34},"end":{"line":122,"column":5}}},"6":{"name":"handleLocationSelectionForAnalytics","decl":{"start":{"line":130,"column":9},"end":{"line":130,"column":44}},"loc":{"start":{"line":130,"column":44},"end":{"line":151,"column":1}}},"7":{"name":"(anonymous_7)","decl":{"start":{"line":141,"column":46},"end":{"line":141,"column":47}},"loc":{"start":{"line":141,"column":51},"end":{"line":141,"column":65}}},"8":{"name":"(anonymous_8)","decl":{"start":{"line":143,"column":38},"end":{"line":143,"column":45}},"loc":{"start":{"line":143,"column":48},"end":{"line":145,"column":13}}},"9":{"name":"handleCounterSelectionForAnalytics","decl":{"start":{"line":158,"column":9},"end":{"line":158,"column":43}},"loc":{"start":{"line":158,"column":43},"end":{"line":178,"column":1}}},"10":{"name":"(anonymous_10)","decl":{"start":{"line":167,"column":46},"end":{"line":167,"column":47}},"loc":{"start":{"line":167,"column":51},"end":{"line":167,"column":65}}},"11":{"name":"(anonymous_11)","decl":{"start":{"line":168,"column":48},"end":{"line":168,"column":49}},"loc":{"start":{"line":168,"column":53},"end":{"line":168,"column":71}}},"12":{"name":"(anonymous_12)","decl":{"start":{"line":170,"column":34},"end":{"line":170,"column":38}},"loc":{"start":{"line":170,"column":41},"end":{"line":172,"column":13}}},"13":{"name":"handleAreaSelectionForAnalytics","decl":{"start":{"line":183,"column":9},"end":{"line":183,"column":40}},"loc":{"start":{"line":183,"column":40},"end":{"line":186,"column":1}}},"14":{"name":"clearReportAndCharts","decl":{"start":{"line":193,"column":9},"end":{"line":193,"column":29}},"loc":{"start":{"line":193,"column":29},"end":{"line":206,"column":1}}},"15":{"name":"_aggregateInventoryData","decl":{"start":{"line":216,"column":9},"end":{"line":216,"column":32}},"loc":{"start":{"line":216,"column":88},"end":{"line":260,"column":1}}},"16":{"name":"(anonymous_16)","decl":{"start":{"line":221,"column":47},"end":{"line":221,"column":48}},"loc":{"start":{"line":221,"column":52},"end":{"line":221,"column":70}}},"17":{"name":"(anonymous_17)","decl":{"start":{"line":222,"column":41},"end":{"line":222,"column":42}},"loc":{"start":{"line":222,"column":46},"end":{"line":222,"column":61}}},"18":{"name":"(anonymous_18)","decl":{"start":{"line":228,"column":47},"end":{"line":228,"column":48}},"loc":{"start":{"line":228,"column":52},"end":{"line":228,"column":70}}},"19":{"name":"(anonymous_19)","decl":{"start":{"line":230,"column":34},"end":{"line":230,"column":38}},"loc":{"start":{"line":230,"column":42},"end":{"line":230,"column":85}}},"20":{"name":"(anonymous_20)","decl":{"start":{"line":234,"column":34},"end":{"line":234,"column":41}},"loc":{"start":{"line":234,"column":44},"end":{"line":236,"column":9}}},"21":{"name":"(anonymous_21)","decl":{"start":{"line":235,"column":34},"end":{"line":235,"column":38}},"loc":{"start":{"line":235,"column":42},"end":{"line":235,"column":85}}},"22":{"name":"_calculateConsumptionData","decl":{"start":{"line":268,"column":9},"end":{"line":268,"column":34}},"loc":{"start":{"line":268,"column":79},"end":{"line":279,"column":1}}},"23":{"name":"(anonymous_23)","decl":{"start":{"line":272,"column":59},"end":{"line":272,"column":60}},"loc":{"start":{"line":272,"column":64},"end":{"line":272,"column":122}}},"24":{"name":"(anonymous_24)","decl":{"start":{"line":274,"column":51},"end":{"line":274,"column":52}},"loc":{"start":{"line":274,"column":56},"end":{"line":274,"column":117}}},"25":{"name":"(anonymous_25)","decl":{"start":{"line":274,"column":70},"end":{"line":274,"column":71}},"loc":{"start":{"line":274,"column":75},"end":{"line":274,"column":95}}},"26":{"name":"(anonymous_26)","decl":{"start":{"line":275,"column":58},"end":{"line":275,"column":59}},"loc":{"start":{"line":275,"column":63},"end":{"line":275,"column":86}}},"27":{"name":"(anonymous_27)","decl":{"start":{"line":276,"column":49},"end":{"line":276,"column":50}},"loc":{"start":{"line":276,"column":54},"end":{"line":276,"column":73}}},"28":{"name":"_updateReportUI","decl":{"start":{"line":286,"column":9},"end":{"line":286,"column":24}},"loc":{"start":{"line":293,"column":21},"end":{"line":306,"column":1}}},"29":{"name":"(anonymous_29)","decl":{"start":{"line":298,"column":77},"end":{"line":298,"column":78}},"loc":{"start":{"line":298,"column":92},"end":{"line":298,"column":130}}},"30":{"name":"(anonymous_30)","decl":{"start":{"line":299,"column":70},"end":{"line":299,"column":71}},"loc":{"start":{"line":299,"column":85},"end":{"line":299,"column":113}}},"31":{"name":"generateReport","decl":{"start":{"line":314,"column":15},"end":{"line":314,"column":29}},"loc":{"start":{"line":314,"column":29},"end":{"line":349,"column":1}}},"32":{"name":"(anonymous_32)","decl":{"start":{"line":325,"column":42},"end":{"line":325,"column":43}},"loc":{"start":{"line":325,"column":47},"end":{"line":325,"column":66}}},"33":{"name":"renderCharts","decl":{"start":{"line":361,"column":9},"end":{"line":361,"column":21}},"loc":{"start":{"line":361,"column":98},"end":{"line":421,"column":1}}}},"branchMap":{"0":{"loc":{"start":{"line":86,"column":4},"end":{"line":90,"column":5}},"type":"if","locations":[{"start":{"line":86,"column":4},"end":{"line":90,"column":5}}]},"1":{"loc":{"start":{"line":86,"column":8},"end":{"line":86,"column":47}},"type":"binary-expr","locations":[{"start":{"line":86,"column":8},"end":{"line":86,"column":22}},{"start":{"line":86,"column":26},"end":{"line":86,"column":47}}]},"2":{"loc":{"start":{"line":118,"column":4},"end":{"line":118,"column":27}},"type":"if","locations":[{"start":{"line":118,"column":4},"end":{"line":118,"column":27}}]},"3":{"loc":{"start":{"line":140,"column":4},"end":{"line":148,"column":5}},"type":"if","locations":[{"start":{"line":140,"column":4},"end":{"line":148,"column":5}}]},"4":{"loc":{"start":{"line":142,"column":8},"end":{"line":147,"column":9}},"type":"if","locations":[{"start":{"line":142,"column":8},"end":{"line":147,"column":9}}]},"5":{"loc":{"start":{"line":150,"column":4},"end":{"line":150,"column":61}},"type":"if","locations":[{"start":{"line":150,"column":4},"end":{"line":150,"column":61}},{"start":{"line":150,"column":38},"end":{"line":150,"column":61}}]},"6":{"loc":{"start":{"line":166,"column":4},"end":{"line":175,"column":5}},"type":"if","locations":[{"start":{"line":166,"column":4},"end":{"line":175,"column":5}}]},"7":{"loc":{"start":{"line":166,"column":8},"end":{"line":166,"column":26}},"type":"binary-expr","locations":[{"start":{"line":166,"column":8},"end":{"line":166,"column":13}},{"start":{"line":166,"column":17},"end":{"line":166,"column":26}}]},"8":{"loc":{"start":{"line":169,"column":8},"end":{"line":174,"column":9}},"type":"if","locations":[{"start":{"line":169,"column":8},"end":{"line":174,"column":9}}]},"9":{"loc":{"start":{"line":194,"column":4},"end":{"line":194,"column":53}},"type":"if","locations":[{"start":{"line":194,"column":4},"end":{"line":194,"column":53}}]},"10":{"loc":{"start":{"line":195,"column":4},"end":{"line":195,"column":39}},"type":"if","locations":[{"start":{"line":195,"column":4},"end":{"line":195,"column":39}}]},"11":{"loc":{"start":{"line":220,"column":4},"end":{"line":237,"column":5}},"type":"if","locations":[{"start":{"line":220,"column":4},"end":{"line":237,"column":5}},{"start":{"line":227,"column":11},"end":{"line":237,"column":5}}]},"12":{"loc":{"start":{"line":220,"column":8},"end":{"line":220,"column":27}},"type":"binary-expr","locations":[{"start":{"line":220,"column":8},"end":{"line":220,"column":14}},{"start":{"line":220,"column":18},"end":{"line":220,"column":27}}]},"13":{"loc":{"start":{"line":223,"column":8},"end":{"line":226,"column":9}},"type":"if","locations":[{"start":{"line":223,"column":8},"end":{"line":226,"column":9}}]},"14":{"loc":{"start":{"line":227,"column":11},"end":{"line":237,"column":5}},"type":"if","locations":[{"start":{"line":227,"column":11},"end":{"line":237,"column":5}},{"start":{"line":233,"column":11},"end":{"line":237,"column":5}}]},"15":{"loc":{"start":{"line":229,"column":8},"end":{"line":232,"column":9}},"type":"if","locations":[{"start":{"line":229,"column":8},"end":{"line":232,"column":9}}]},"16":{"loc":{"start":{"line":241,"column":4},"end":{"line":257,"column":5}},"type":"if","locations":[{"start":{"line":241,"column":4},"end":{"line":257,"column":5}}]},"17":{"loc":{"start":{"line":244,"column":12},"end":{"line":254,"column":13}},"type":"if","locations":[{"start":{"line":244,"column":12},"end":{"line":254,"column":13}},{"start":{"line":246,"column":19},"end":{"line":254,"column":13}}]},"18":{"loc":{"start":{"line":248,"column":40},"end":{"line":248,"column":65}},"type":"binary-expr","locations":[{"start":{"line":248,"column":40},"end":{"line":248,"column":60}},{"start":{"line":248,"column":64},"end":{"line":248,"column":65}}]},"19":{"loc":{"start":{"line":248,"column":70},"end":{"line":248,"column":91}},"type":"binary-expr","locations":[{"start":{"line":248,"column":70},"end":{"line":248,"column":86}},{"start":{"line":248,"column":90},"end":{"line":248,"column":91}}]},"20":{"loc":{"start":{"line":249,"column":41},"end":{"line":249,"column":67}},"type":"binary-expr","locations":[{"start":{"line":249,"column":41},"end":{"line":249,"column":62}},{"start":{"line":249,"column":66},"end":{"line":249,"column":67}}]},"21":{"loc":{"start":{"line":249,"column":72},"end":{"line":249,"column":94}},"type":"binary-expr","locations":[{"start":{"line":249,"column":72},"end":{"line":249,"column":89}},{"start":{"line":249,"column":93},"end":{"line":249,"column":94}}]},"22":{"loc":{"start":{"line":250,"column":46},"end":{"line":250,"column":77}},"type":"binary-expr","locations":[{"start":{"line":250,"column":46},"end":{"line":250,"column":72}},{"start":{"line":250,"column":76},"end":{"line":250,"column":77}}]},"23":{"loc":{"start":{"line":250,"column":82},"end":{"line":250,"column":109}},"type":"binary-expr","locations":[{"start":{"line":250,"column":82},"end":{"line":250,"column":104}},{"start":{"line":250,"column":108},"end":{"line":250,"column":109}}]},"24":{"loc":{"start":{"line":251,"column":38},"end":{"line":251,"column":61}},"type":"binary-expr","locations":[{"start":{"line":251,"column":38},"end":{"line":251,"column":56}},{"start":{"line":251,"column":60},"end":{"line":251,"column":61}}]},"25":{"loc":{"start":{"line":251,"column":66},"end":{"line":251,"column":85}},"type":"binary-expr","locations":[{"start":{"line":251,"column":66},"end":{"line":251,"column":80}},{"start":{"line":251,"column":84},"end":{"line":251,"column":85}}]},"26":{"loc":{"start":{"line":252,"column":39},"end":{"line":252,"column":63}},"type":"binary-expr","locations":[{"start":{"line":252,"column":39},"end":{"line":252,"column":58}},{"start":{"line":252,"column":62},"end":{"line":252,"column":63}}]},"27":{"loc":{"start":{"line":252,"column":68},"end":{"line":252,"column":88}},"type":"binary-expr","locations":[{"start":{"line":252,"column":68},"end":{"line":252,"column":83}},{"start":{"line":252,"column":87},"end":{"line":252,"column":88}}]},"28":{"loc":{"start":{"line":253,"column":44},"end":{"line":253,"column":73}},"type":"binary-expr","locations":[{"start":{"line":253,"column":44},"end":{"line":253,"column":68}},{"start":{"line":253,"column":72},"end":{"line":253,"column":73}}]},"29":{"loc":{"start":{"line":253,"column":78},"end":{"line":253,"column":103}},"type":"binary-expr","locations":[{"start":{"line":253,"column":78},"end":{"line":253,"column":98}},{"start":{"line":253,"column":102},"end":{"line":253,"column":103}}]},"30":{"loc":{"start":{"line":272,"column":64},"end":{"line":272,"column":122}},"type":"binary-expr","locations":[{"start":{"line":272,"column":64},"end":{"line":272,"column":96}},{"start":{"line":272,"column":100},"end":{"line":272,"column":122}}]},"31":{"loc":{"start":{"line":274,"column":56},"end":{"line":274,"column":117}},"type":"binary-expr","locations":[{"start":{"line":274,"column":56},"end":{"line":274,"column":102}},{"start":{"line":274,"column":106},"end":{"line":274,"column":117}}]},"32":{"loc":{"start":{"line":275,"column":63},"end":{"line":275,"column":86}},"type":"binary-expr","locations":[{"start":{"line":275,"column":63},"end":{"line":275,"column":81}},{"start":{"line":275,"column":85},"end":{"line":275,"column":86}}]},"33":{"loc":{"start":{"line":298,"column":99},"end":{"line":298,"column":129}},"type":"cond-expr","locations":[{"start":{"line":298,"column":124},"end":{"line":298,"column":125}},{"start":{"line":298,"column":128},"end":{"line":298,"column":129}}]},"34":{"loc":{"start":{"line":319,"column":4},"end":{"line":323,"column":5}},"type":"if","locations":[{"start":{"line":319,"column":4},"end":{"line":323,"column":5}}]},"35":{"loc":{"start":{"line":326,"column":4},"end":{"line":330,"column":5}},"type":"if","locations":[{"start":{"line":326,"column":4},"end":{"line":330,"column":5}}]},"36":{"loc":{"start":{"line":333,"column":4},"end":{"line":337,"column":5}},"type":"if","locations":[{"start":{"line":333,"column":4},"end":{"line":337,"column":5}}]},"37":{"loc":{"start":{"line":333,"column":8},"end":{"line":333,"column":28}},"type":"binary-expr","locations":[{"start":{"line":333,"column":8},"end":{"line":333,"column":14}},{"start":{"line":333,"column":18},"end":{"line":333,"column":28}}]},"38":{"loc":{"start":{"line":341,"column":4},"end":{"line":345,"column":5}},"type":"if","locations":[{"start":{"line":341,"column":4},"end":{"line":345,"column":5}}]},"39":{"loc":{"start":{"line":365,"column":4},"end":{"line":368,"column":5}},"type":"if","locations":[{"start":{"line":365,"column":4},"end":{"line":368,"column":5}}]},"40":{"loc":{"start":{"line":365,"column":8},"end":{"line":365,"column":35}},"type":"binary-expr","locations":[{"start":{"line":365,"column":8},"end":{"line":365,"column":23}},{"start":{"line":365,"column":27},"end":{"line":365,"column":35}}]},"41":{"loc":{"start":{"line":370,"column":4},"end":{"line":372,"column":5}},"type":"if","locations":[{"start":{"line":370,"column":4},"end":{"line":372,"column":5}}]},"42":{"loc":{"start":{"line":373,"column":4},"end":{"line":375,"column":5}},"type":"if","locations":[{"start":{"line":373,"column":4},"end":{"line":375,"column":5}}]},"43":{"loc":{"start":{"line":396,"column":4},"end":{"line":420,"column":5}},"type":"if","locations":[{"start":{"line":396,"column":4},"end":{"line":420,"column":5}}]}},"s":{"0":1,"1":1,"2":1,"3":1,"4":1,"5":1,"6":1,"7":1,"8":1,"9":1,"10":1,"11":13,"12":13,"13":13,"14":13,"15":13,"16":13,"17":13,"18":13,"19":13,"20":3,"21":13,"22":0,"23":13,"24":3,"25":1,"26":1,"27":1,"28":2,"29":2,"30":1,"31":1,"32":1,"33":1,"34":1,"35":1,"36":1,"37":1,"38":1,"39":13,"40":13,"41":0,"42":13,"43":13,"44":25,"45":13,"46":13,"47":13,"48":13,"49":13,"50":13,"51":13,"52":13,"53":11,"54":12,"55":11,"56":11,"57":10,"58":11,"59":13,"60":11,"61":2,"62":2,"63":2,"64":2,"65":2,"66":2,"67":2,"68":2,"69":2,"70":2,"71":2,"72":2,"73":2,"74":2,"75":2,"76":2,"77":1,"78":5,"79":5,"80":5,"81":3,"82":5,"83":5,"84":5,"85":5,"86":16,"87":16,"88":16,"89":1,"90":1,"91":1,"92":1,"93":1,"94":1,"95":1,"96":15,"97":2,"98":2,"99":2,"100":2,"101":2,"102":2,"103":13,"104":12,"105":12,"106":16,"107":15,"108":15,"109":13,"110":13,"111":0,"112":0,"113":0,"114":0,"115":0,"116":0,"117":0,"118":15,"119":16,"120":14,"121":14,"122":13,"123":14,"124":13,"125":13,"126":14,"127":13,"128":14,"129":13,"130":14,"131":14,"132":14,"133":14,"134":13,"135":14,"136":13,"137":14,"138":14,"139":17,"140":17,"141":17,"142":17,"143":1,"144":1,"145":1,"146":16,"147":17,"148":16,"149":0,"150":0,"151":0,"152":16,"153":0,"154":0,"155":0,"156":16,"157":16,"158":2,"159":2,"160":2,"161":14,"162":14,"163":32,"164":32,"165":32,"166":1,"167":1,"168":31,"169":25,"170":31,"171":15,"172":31,"173":31,"174":14,"175":1},"f":{"0":13,"1":3,"2":0,"3":3,"4":13,"5":25,"6":13,"7":12,"8":10,"9":2,"10":2,"11":2,"12":2,"13":1,"14":5,"15":16,"16":1,"17":1,"18":2,"19":2,"20":12,"21":12,"22":14,"23":13,"24":13,"25":13,"26":13,"27":13,"28":14,"29":13,"30":13,"31":17,"32":17,"33":32},"b":{"0":[1],"1":[3,2],"2":[0],"3":[11],"4":[11],"5":[11,2],"6":[2],"7":[2,2],"8":[2],"9":[5],"10":[3],"11":[1,15],"12":[16,1],"13":[1],"14":[2,13],"15":[2],"16":[15],"17":[13,0],"18":[0,0],"19":[0,0],"20":[0,0],"21":[0,0],"22":[0,0],"23":[0,0],"24":[0,0],"25":[0,0],"26":[0,0],"27":[0,0],"28":[0,0],"29":[0,0],"30":[13,13],"31":[13,0],"32":[13,0],"33":[13,0],"34":[1],"35":[0],"36":[0],"37":[16,1],"38":[2],"39":[1],"40":[32,31],"41":[25],"42":[15],"43":[14]}}
,"/app/src/ui/components/area-list-item.component.ts": {"path":"/app/src/ui/components/area-list-item.component.ts","statementMap":{"0":{"start":{"line":1,"column":0},"end":{"line":1,"column":55}},"1":{"start":{"line":3,"column":0},"end":{"line":3,"column":50}},"2":{"start":{"line":24,"column":8},"end":{"line":24,"column":21}},"3":{"start":{"line":25,"column":8},"end":{"line":25,"column":25}},"4":{"start":{"line":26,"column":8},"end":{"line":26,"column":35}},"5":{"start":{"line":27,"column":8},"end":{"line":27,"column":68}},"6":{"start":{"line":28,"column":8},"end":{"line":28,"column":46}},"7":{"start":{"line":29,"column":8},"end":{"line":29,"column":22}},"8":{"start":{"line":33,"column":8},"end":{"line":33,"column":36}},"9":{"start":{"line":35,"column":25},"end":{"line":35,"column":55}},"10":{"start":{"line":36,"column":8},"end":{"line":36,"column":107}},"11":{"start":{"line":38,"column":26},"end":{"line":38,"column":55}},"12":{"start":{"line":40,"column":27},"end":{"line":40,"column":59}},"13":{"start":{"line":41,"column":8},"end":{"line":41,"column":72}},"14":{"start":{"line":42,"column":8},"end":{"line":42,"column":98}},"15":{"start":{"line":43,"column":8},"end":{"line":43,"column":46}},"16":{"start":{"line":44,"column":8},"end":{"line":44,"column":85}},"17":{"start":{"line":44,"column":51},"end":{"line":44,"column":83}},"18":{"start":{"line":46,"column":29},"end":{"line":46,"column":61}},"19":{"start":{"line":47,"column":8},"end":{"line":47,"column":73}},"20":{"start":{"line":48,"column":8},"end":{"line":48,"column":97}},"21":{"start":{"line":49,"column":8},"end":{"line":49,"column":45}},"22":{"start":{"line":50,"column":8},"end":{"line":50,"column":108}},"23":{"start":{"line":50,"column":53},"end":{"line":50,"column":106}},"24":{"start":{"line":52,"column":8},"end":{"line":52,"column":42}},"25":{"start":{"line":53,"column":8},"end":{"line":53,"column":44}},"26":{"start":{"line":55,"column":8},"end":{"line":55,"column":43}},"27":{"start":{"line":56,"column":8},"end":{"line":56,"column":44}},"28":{"start":{"line":64,"column":8},"end":{"line":64,"column":25}},"29":{"start":{"line":65,"column":8},"end":{"line":65,"column":22}},"30":{"start":{"line":73,"column":8},"end":{"line":73,"column":28}},"31":{"start":{"line":14,"column":0},"end":{"line":14,"column":13}},"32":{"start":{"line":76,"column":0},"end":{"line":76,"column":45}}},"fnMap":{"0":{"name":"(anonymous_0)","decl":{"start":{"line":23,"column":4},"end":{"line":23,"column":16}},"loc":{"start":{"line":23,"column":60},"end":{"line":30,"column":5}}},"1":{"name":"(anonymous_1)","decl":{"start":{"line":32,"column":4},"end":{"line":32,"column":10}},"loc":{"start":{"line":32,"column":10},"end":{"line":57,"column":5}}},"2":{"name":"(anonymous_2)","decl":{"start":{"line":44,"column":45},"end":{"line":44,"column":48}},"loc":{"start":{"line":44,"column":51},"end":{"line":44,"column":83}}},"3":{"name":"(anonymous_3)","decl":{"start":{"line":50,"column":47},"end":{"line":50,"column":50}},"loc":{"start":{"line":50,"column":53},"end":{"line":50,"column":106}}},"4":{"name":"(anonymous_4)","decl":{"start":{"line":63,"column":4},"end":{"line":63,"column":10}},"loc":{"start":{"line":63,"column":21},"end":{"line":66,"column":5}}},"5":{"name":"(anonymous_5)","decl":{"start":{"line":72,"column":4},"end":{"line":72,"column":13}},"loc":{"start":{"line":72,"column":13},"end":{"line":74,"column":5}}}},"branchMap":{"0":{"loc":{"start":{"line":36,"column":72},"end":{"line":36,"column":103}},"type":"binary-expr","locations":[{"start":{"line":36,"column":72},"end":{"line":36,"column":94}},{"start":{"line":36,"column":98},"end":{"line":36,"column":103}}]}},"s":{"0":1,"1":1,"2":8,"3":8,"4":8,"5":8,"6":8,"7":8,"8":11,"9":11,"10":11,"11":11,"12":11,"13":11,"14":11,"15":11,"16":11,"17":2,"18":11,"19":11,"20":11,"21":11,"22":11,"23":1,"24":11,"25":11,"26":11,"27":11,"28":3,"29":3,"30":2,"31":1,"32":1},"f":{"0":8,"1":11,"2":2,"3":1,"4":3,"5":2},"b":{"0":[11,1]}}
,"/app/src/ui/components/location-list-item.component.ts": {"path":"/app/src/ui/components/location-list-item.component.ts","statementMap":{"0":{"start":{"line":1,"column":0},"end":{"line":1,"column":55}},"1":{"start":{"line":3,"column":0},"end":{"line":3,"column":50}},"2":{"start":{"line":24,"column":8},"end":{"line":24,"column":20}},"3":{"start":{"line":25,"column":8},"end":{"line":25,"column":33}},"4":{"start":{"line":26,"column":8},"end":{"line":26,"column":35}},"5":{"start":{"line":27,"column":8},"end":{"line":27,"column":51}},"6":{"start":{"line":28,"column":8},"end":{"line":28,"column":54}},"7":{"start":{"line":29,"column":8},"end":{"line":29,"column":22}},"8":{"start":{"line":34,"column":8},"end":{"line":34,"column":36}},"9":{"start":{"line":36,"column":25},"end":{"line":36,"column":55}},"10":{"start":{"line":37,"column":8},"end":{"line":37,"column":53}},"11":{"start":{"line":38,"column":8},"end":{"line":38,"column":62}},"12":{"start":{"line":40,"column":26},"end":{"line":40,"column":55}},"13":{"start":{"line":42,"column":27},"end":{"line":42,"column":59}},"14":{"start":{"line":43,"column":8},"end":{"line":43,"column":76}},"15":{"start":{"line":44,"column":8},"end":{"line":44,"column":49}},"16":{"start":{"line":45,"column":8},"end":{"line":45,"column":103}},"17":{"start":{"line":46,"column":8},"end":{"line":46,"column":46}},"18":{"start":{"line":47,"column":8},"end":{"line":47,"column":89}},"19":{"start":{"line":47,"column":51},"end":{"line":47,"column":87}},"20":{"start":{"line":49,"column":29},"end":{"line":49,"column":61}},"21":{"start":{"line":50,"column":8},"end":{"line":50,"column":77}},"22":{"start":{"line":51,"column":8},"end":{"line":51,"column":51}},"23":{"start":{"line":52,"column":8},"end":{"line":52,"column":102}},"24":{"start":{"line":53,"column":8},"end":{"line":53,"column":45}},"25":{"start":{"line":54,"column":8},"end":{"line":54,"column":116}},"26":{"start":{"line":54,"column":53},"end":{"line":54,"column":114}},"27":{"start":{"line":56,"column":8},"end":{"line":56,"column":42}},"28":{"start":{"line":57,"column":8},"end":{"line":57,"column":44}},"29":{"start":{"line":59,"column":8},"end":{"line":59,"column":43}},"30":{"start":{"line":60,"column":8},"end":{"line":60,"column":44}},"31":{"start":{"line":68,"column":8},"end":{"line":68,"column":33}},"32":{"start":{"line":69,"column":8},"end":{"line":69,"column":22}},"33":{"start":{"line":77,"column":8},"end":{"line":77,"column":32}},"34":{"start":{"line":14,"column":0},"end":{"line":14,"column":13}},"35":{"start":{"line":80,"column":0},"end":{"line":80,"column":49}}},"fnMap":{"0":{"name":"(anonymous_0)","decl":{"start":{"line":23,"column":4},"end":{"line":23,"column":16}},"loc":{"start":{"line":23,"column":72},"end":{"line":30,"column":5}}},"1":{"name":"(anonymous_1)","decl":{"start":{"line":32,"column":4},"end":{"line":32,"column":10}},"loc":{"start":{"line":32,"column":10},"end":{"line":61,"column":5}}},"2":{"name":"(anonymous_2)","decl":{"start":{"line":47,"column":45},"end":{"line":47,"column":48}},"loc":{"start":{"line":47,"column":51},"end":{"line":47,"column":87}}},"3":{"name":"(anonymous_3)","decl":{"start":{"line":54,"column":47},"end":{"line":54,"column":50}},"loc":{"start":{"line":54,"column":53},"end":{"line":54,"column":114}}},"4":{"name":"(anonymous_4)","decl":{"start":{"line":67,"column":4},"end":{"line":67,"column":10}},"loc":{"start":{"line":67,"column":29},"end":{"line":70,"column":5}}},"5":{"name":"(anonymous_5)","decl":{"start":{"line":76,"column":4},"end":{"line":76,"column":17}},"loc":{"start":{"line":76,"column":17},"end":{"line":78,"column":5}}}},"branchMap":{},"s":{"0":1,"1":1,"2":6,"3":6,"4":6,"5":6,"6":6,"7":6,"8":8,"9":8,"10":8,"11":8,"12":8,"13":8,"14":8,"15":8,"16":8,"17":8,"18":8,"19":2,"20":8,"21":8,"22":8,"23":8,"24":8,"25":8,"26":1,"27":8,"28":8,"29":8,"30":8,"31":2,"32":2,"33":2,"34":1,"35":1},"f":{"0":6,"1":8,"2":2,"3":1,"4":2,"5":2},"b":{}}
[...]
rt":{"line":71,"column":4},"end":{"line":75,"column":5}},"25":{"start":{"line":72,"column":8},"end":{"line":74,"column":11}},"26":{"start":{"line":73,"column":12},"end":{"line":73,"column":41}},"27":{"start":{"line":77,"column":25},"end":{"line":77,"column":109}},"28":{"start":{"line":78,"column":4},"end":{"line":80,"column":5}},"29":{"start":{"line":79,"column":8},"end":{"line":79,"column":72}},"30":{"start":{"line":89,"column":4},"end":{"line":89,"column":40}},"31":{"start":{"line":101,"column":4},"end":{"line":115,"column":5}},"32":{"start":{"line":102,"column":8},"end":{"line":114,"column":9}},"33":{"start":{"line":103,"column":12},"end":{"line":103,"column":56}},"34":{"start":{"line":104,"column":12},"end":{"line":104,"column":71}},"35":{"start":{"line":105,"column":12},"end":{"line":105,"column":41}},"36":{"start":{"line":107,"column":33},"end":{"line":107,"column":114}},"37":{"start":{"line":108,"column":12},"end":{"line":110,"column":13}},"38":{"start":{"line":109,"column":17},"end":{"line":109,"column":59}},"39":{"start":{"line":109,"column":34},"end":{"line":109,"column":54}},"40":{"start":{"line":112,"column":12},"end":{"line":112,"column":83}},"41":{"start":{"line":113,"column":12},"end":{"line":113,"column":84}},"42":{"start":{"line":128,"column":23},"end":{"line":128,"column":94}},"43":{"start":{"line":128,"column":62},"end":{"line":128,"column":93}},"44":{"start":{"line":130,"column":4},"end":{"line":145,"column":5}},"45":{"start":{"line":131,"column":8},"end":{"line":138,"column":9}},"46":{"start":{"line":132,"column":12},"end":{"line":132,"column":66}},"47":{"start":{"line":133,"column":12},"end":{"line":133,"column":100}},"48":{"start":{"line":136,"column":12},"end":{"line":136,"column":63}},"49":{"start":{"line":137,"column":12},"end":{"line":137,"column":96}},"50":{"start":{"line":139,"column":8},"end":{"line":139,"column":37}},"51":{"start":{"line":142,"column":8},"end":{"line":142,"column":64}},"52":{"start":{"line":143,"column":8},"end":{"line":143,"column":96}},"53":{"start":{"line":144,"column":8},"end":{"line":144,"column":20}},"54":{"start":{"line":152,"column":4},"end":{"line":152,"column":33}},"55":{"start":{"line":161,"column":4},"end":{"line":164,"column":5}},"56":{"start":{"line":162,"column":8},"end":{"line":162,"column":86}},"57":{"start":{"line":163,"column":8},"end":{"line":163,"column":15}},"58":{"start":{"line":169,"column":4},"end":{"line":169,"column":88}},"59":{"start":{"line":171,"column":4},"end":{"line":178,"column":5}},"60":{"start":{"line":173,"column":8},"end":{"line":173,"column":42}},"61":{"start":{"line":175,"column":8},"end":{"line":175,"column":77}},"62":{"start":{"line":176,"column":8},"end":{"line":176,"column":66}},"63":{"start":{"line":187,"column":28},"end":{"line":187,"column":54}},"64":{"start":{"line":188,"column":4},"end":{"line":191,"column":5}},"65":{"start":{"line":189,"column":8},"end":{"line":189,"column":71}},"66":{"start":{"line":190,"column":8},"end":{"line":190,"column":15}},"67":{"start":{"line":192,"column":4},"end":{"line":198,"column":5}},"68":{"start":{"line":193,"column":8},"end":{"line":193,"column":59}},"69":{"start":{"line":194,"column":8},"end":{"line":194,"column":79}},"70":{"start":{"line":196,"column":8},"end":{"line":196,"column":77}},"71":{"start":{"line":197,"column":8},"end":{"line":197,"column":74}},"72":{"start":{"line":201,"column":0},"end":{"line":201,"column":57}}},"fnMap":{"0":{"name":"initProductManager","decl":{"start":{"line":26,"column":22},"end":{"line":26,"column":40}},"loc":{"start":{"line":26,"column":68},"end":{"line":81,"column":1}}},"1":{"name":"(anonymous_1)","decl":{"start":{"line":72,"column":51},"end":{"line":72,"column":54}},"loc":{"start":{"line":72,"column":56},"end":{"line":74,"column":9}}},"2":{"name":"handleEditProduct","decl":{"start":{"line":88,"column":9},"end":{"line":88,"column":26}},"loc":{"start":{"line":88,"column":43},"end":{"line":90,"column":1}}},"3":{"name":"handleDeleteProductRequest","decl":{"start":{"line":100,"column":15},"end":{"line":100,"column":41}},"loc":{"start":{"line":100,"column":80},"end":{"line":116,"column":1}}},"4":{"name":"(anonymous_4)","decl":{"start":{"line":109,"column":28},"end":{"line":109,"column":31}},"loc":{"start":{"line":109,"column":34},"end":{"line":109,"column":54}}},"5":{"name":"handleProductFormSubmit","decl":{"start":{"line":126,"column":15},"end":{"line":126,"column":38}},"loc":{"start":{"line":126,"column":67},"end":{"line":146,"column":1}}},"6":{"name":"(anonymous_6)","decl":{"start":{"line":128,"column":57},"end":{"line":128,"column":58}},"loc":{"start":{"line":128,"column":62},"end":{"line":128,"column":93}}},"7":{"name":"handleProductFormCancel","decl":{"start":{"line":151,"column":9},"end":{"line":151,"column":32}},"loc":{"start":{"line":151,"column":32},"end":{"line":153,"column":1}}},"8":{"name":"initialLoadAndSubscribe","decl":{"start":{"line":160,"column":15},"end":{"line":160,"column":38}},"loc":{"start":{"line":160,"column":38},"end":{"line":179,"column":1}}},"9":{"name":"handleExportProductsCsv","decl":{"start":{"line":186,"column":9},"end":{"line":186,"column":32}},"loc":{"start":{"line":186,"column":32},"end":{"line":199,"column":1}}}},"branchMap":{"0":{"loc":{"start":{"line":47,"column":4},"end":{"line":50,"column":5}},"type":"if","locations":[{"start":{"line":47,"column":4},"end":{"line":50,"column":5}}]},"1":{"loc":{"start":{"line":47,"column":8},"end":{"line":47,"column":48}},"type":"binary-expr","locations":[{"start":{"line":47,"column":8},"end":{"line":47,"column":26}},{"start":{"line":47,"column":30},"end":{"line":47,"column":48}}]},"2":{"loc":{"start":{"line":71,"column":4},"end":{"line":75,"column":5}},"type":"if","locations":[{"start":{"line":71,"column":4},"end":{"line":75,"column":5}}]},"3":{"loc":{"start":{"line":78,"column":4},"end":{"line":80,"column":5}},"type":"if","locations":[{"start":{"line":78,"column":4},"end":{"line":80,"column":5}}]},"4":{"loc":{"start":{"line":101,"column":4},"end":{"line":115,"column":5}},"type":"if","locations":[{"start":{"line":101,"column":4},"end":{"line":115,"column":5}}]},"5":{"loc":{"start":{"line":108,"column":12},"end":{"line":110,"column":13}},"type":"if","locations":[{"start":{"line":108,"column":12},"end":{"line":110,"column":13}}]},"6":{"loc":{"start":{"line":131,"column":8},"end":{"line":138,"column":9}},"type":"if","locations":[{"start":{"line":131,"column":8},"end":{"line":138,"column":9}},{"start":{"line":134,"column":15},"end":{"line":138,"column":9}}]},"7":{"loc":{"start":{"line":161,"column":4},"end":{"line":164,"column":5}},"type":"if","locations":[{"start":{"line":161,"column":4},"end":{"line":164,"column":5}}]},"8":{"loc":{"start":{"line":188,"column":4},"end":{"line":191,"column":5}},"type":"if","locations":[{"start":{"line":188,"column":4},"end":{"line":191,"column":5}}]}},"s":{"0":11,"1":11,"2":11,"3":11,"4":11,"5":11,"6":11,"7":11,"8":11,"9":11,"10":11,"11":11,"12":11,"13":11,"14":0,"15":0,"16":11,"17":11,"18":11,"19":11,"20":11,"21":11,"22":11,"23":11,"24":11,"25":11,"26":1,"27":11,"28":11,"29":11,"30":1,"31":2,"32":1,"33":1,"34":1,"35":1,"36":1,"37":1,"38":1,"39":0,"40":0,"41":0,"42":3,"43":2,"44":3,"45":3,"46":2,"47":1,"48":1,"49":1,"50":2,"51":1,"52":1,"53":1,"54":1,"55":11,"56":0,"57":0,"58":11,"59":11,"60":11,"61":0,"62":0,"63":1,"64":1,"65":0,"66":0,"67":1,"68":1,"69":1,"70":0,"71":0,"72":11},"f":{"0":11,"1":1,"2":1,"3":2,"4":0,"5":3,"6":2,"7":1,"8":11,"9":1},"b":{"0":[0],"1":[11,11],"2":[11],"3":[11],"4":[1],"5":[1],"6":[2,1],"7":[0],"8":[0]}}
,"/app/src/ui/components/toast-notifications.ts": {"path":"/app/src/ui/components/toast-notifications.ts","statementMap":{"0":{"start":{"line":36,"column":0},"end":{"line":36,"column":16}},"1":{"start":{"line":1,"column":41},"end":{"line":1,"column":45}},"2":{"start":{"line":11,"column":4},"end":{"line":23,"column":5}},"3":{"start":{"line":12,"column":8},"end":{"line":12,"column":55}},"4":{"start":{"line":13,"column":8},"end":{"line":13,"column":60}},"5":{"start":{"line":15,"column":8},"end":{"line":15,"column":48}},"6":{"start":{"line":16,"column":8},"end":{"line":16,"column":45}},"7":{"start":{"line":17,"column":8},"end":{"line":17,"column":44}},"8":{"start":{"line":18,"column":8},"end":{"line":18,"column":45}},"9":{"start":{"line":19,"column":8},"end":{"line":19,"column":46}},"10":{"start":{"line":20,"column":8},"end":{"line":20,"column":54}},"11":{"start":{"line":21,"column":8},"end":{"line":21,"column":42}},"12":{"start":{"line":22,"column":8},"end":{"line":22,"column":50}},"13":{"start":{"line":24,"column":4},"end":{"line":24,"column":26}},"14":{"start":{"line":37,"column":22},"end":{"line":37,"column":44}},"15":{"start":{"line":39,"column":25},"end":{"line":39,"column":54}},"16":{"start":{"line":40,"column":4},"end":{"line":40,"column":51}},"17":{"start":{"line":41,"column":4},"end":{"line":41,"column":39}},"18":{"start":{"line":44,"column":4},"end":{"line":44,"column":47}},"19":{"start":{"line":45,"column":4},"end":{"line":45,"column":56}},"20":{"start":{"line":48,"column":4},"end":{"line":48,"column":45}},"21":{"start":{"line":49,"column":4},"end":{"line":49,"column":44}},"22":{"start":{"line":50,"column":4},"end":{"line":50,"column":39}},"23":{"start":{"line":51,"column":4},"end":{"line":51,"column":39}},"24":{"start":{"line":52,"column":4},"end":{"line":52,"column":77}},"25":{"start":{"line":53,"column":4},"end":{"line":53,"column":54}},"26":{"start":{"line":55,"column":4},"end":{"line":68,"column":5}},"27":{"start":{"line":57,"column":12},"end":{"line":57,"column":59}},"28":{"start":{"line":58,"column":12},"end":{"line":58,"column":18}},"29":{"start":{"line":60,"column":12},"end":{"line":60,"column":59}},"30":{"start":{"line":61,"column":12},"end":{"line":61,"column":18}},"31":{"start":{"line":63,"column":12},"end":{"line":63,"column":59}},"32":{"start":{"line":64,"column":12},"end":{"line":64,"column":18}},"33":{"start":{"line":66,"column":12},"end":{"line":66,"column":59}},"34":{"start":{"line":67,"column":12},"end":{"line":67,"column":18}},"35":{"start":{"line":70,"column":4},"end":{"line":70,"column":40}},"36":{"start":{"line":73,"column":4},"end":{"line":75,"column":11}},"37":{"start":{"line":74,"column":8},"end":{"line":74,"column":55}},"38":{"start":{"line":78,"column":4},"end":{"line":89,"column":17}},"39":{"start":{"line":79,"column":8},"end":{"line":79,"column":41}},"40":{"start":{"line":80,"column":8},"end":{"line":80,"column":58}},"41":{"start":{"line":81,"column":8},"end":{"line":88,"column":16}},"42":{"start":{"line":82,"column":12},"end":{"line":82,"column":34}},"43":{"start":{"line":83,"column":12},"end":{"line":87,"column":13}},"44":{"start":{"line":92,"column":0},"end":{"line":92,"column":49}}},"fnMap":{"0":{"name":"ensureToastContainer","decl":{"start":{"line":10,"column":9},"end":{"line":10,"column":29}},"loc":{"start":{"line":10,"column":29},"end":{"line":25,"column":1}}},"1":{"name":"showToast","decl":{"start":{"line":36,"column":16},"end":{"line":36,"column":25}},"loc":{"start":{"line":36,"column":92},"end":{"line":90,"column":1}}},"2":{"name":"(anonymous_2)","decl":{"start":{"line":73,"column":15},"end":{"line":73,"column":18}},"loc":{"start":{"line":73,"column":20},"end":{"line":75,"column":5}}},"3":{"name":"(anonymous_3)","decl":{"start":{"line":78,"column":15},"end":{"line":78,"column":18}},"loc":{"start":{"line":78,"column":20},"end":{"line":89,"column":5}}},"4":{"name":"(anonymous_4)","decl":{"start":{"line":81,"column":19},"end":{"line":81,"column":22}},"loc":{"start":{"line":81,"column":24},"end":{"line":88,"column":9}}}},"branchMap":{"0":{"loc":{"start":{"line":11,"column":4},"end":{"line":23,"column":5}},"type":"if","locations":[{"start":{"line":11,"column":4},"end":{"line":23,"column":5}}]},"1":{"loc":{"start":{"line":36,"column":43},"end":{"line":36,"column":67}},"type":"default-arg","locations":[{"start":{"line":36,"column":61},"end":{"line":36,"column":67}}]},"2":{"loc":{"start":{"line":36,"column":69},"end":{"line":36,"column":92}},"type":"default-arg","locations":[{"start":{"line":36,"column":88},"end":{"line":36,"column":92}}]},"3":{"loc":{"start":{"line":55,"column":4},"end":{"line":68,"column":5}},"type":"switch","locations":[{"start":{"line":56,"column":8},"end":{"line":58,"column":18}},{"start":{"line":59,"column":8},"end":{"line":61,"column":18}},{"start":{"line":62,"column":8},"end":{"line":64,"column":18}},{"start":{"line":65,"column":8},"end":{"line":67,"column":18}}]},"4":{"loc":{"start":{"line":83,"column":12},"end":{"line":87,"column":13}},"type":"if","locations":[{"start":{"line":83,"column":12},"end":{"line":87,"column":13}}]}},"s":{"0":2,"1":2,"2":13,"3":1,"4":1,"5":1,"6":1,"7":1,"8":1,"9":1,"10":1,"11":1,"12":1,"13":13,"14":13,"15":13,"16":13,"17":13,"18":13,"19":13,"20":13,"21":13,"22":13,"23":13,"24":13,"25":13,"26":13,"27":3,"28":3,"29":1,"30":1,"31":1,"32":1,"33":8,"34":8,"35":13,"36":13,"37":0,"38":13,"39":0,"40":0,"41":0,"42":0,"43":0,"44":2},"f":{"0":13,"1":13,"2":0,"3":0,"4":0},"b":{"0":[1],"1":[0],"2":[0],"3":[3,1,1,8],"4":[0]}}
,"/app/src/ui/core/base-component.ts": {"path":"/app/src/ui/core/base-component.ts","statementMap":{"0":{"start":{"line":15,"column":8},"end":{"line":15,"column":60}},"1":{"start":{"line":16,"column":8},"end":{"line":18,"column":9}},"2":{"start":{"line":17,"column":12},"end":{"line":17,"column":33}},"3":{"start":{"line":19,"column":8},"end":{"line":21,"column":9}},"4":{"start":{"line":20,"column":12},"end":{"line":20,"column":54}},"5":{"start":{"line":29,"column":8},"end":{"line":29,"column":28}},"6":{"start":{"line":37,"column":8},"end":{"line":37,"column":48}},"7":{"start":{"line":44,"column":8},"end":{"line":44,"column":30}},"8":{"start":{"line":67,"column":8},"end":{"line":67,"column":38}},"9":{"start":{"line":75,"column":8},"end":{"line":79,"column":9}},"10":{"start":{"line":76,"column":12},"end":{"line":76,"column":57}},"11":{"start":{"line":78,"column":12},"end":{"line":78,"column":44}},"12":{"start":{"line":93,"column":8},"end":{"line":93,"column":80}},"13":{"start":{"line":107,"column":8},"end":{"line":107,"column":83}},"14":{"start":{"line":5,"column":0},"end":{"line":5,"column":13}}},"fnMap":{"0":{"name":"(anonymous_0)","decl":{"start":{"line":14,"column":4},"end":{"line":14,"column":16}},"loc":{"start":{"line":14,"column":88},"end":{"line":22,"column":5}}},"1":{"name":"(anonymous_1)","decl":{"start":{"line":28,"column":4},"end":{"line":28,"column":14}},"loc":{"start":{"line":28,"column":14},"end":{"line":30,"column":5}}},"2":{"name":"(anonymous_2)","decl":{"start":{"line":36,"column":4},"end":{"line":36,"column":12}},"loc":{"start":{"line":36,"column":39},"end":{"line":38,"column":5}}},"3":{"name":"(anonymous_3)","decl":{"start":{"line":43,"column":4},"end":{"line":43,"column":10}},"loc":{"start":{"line":43,"column":10},"end":{"line":45,"column":5}}},"4":{"name":"(anonymous_4)","decl":{"start":{"line":54,"column":4},"end":{"line":54,"column":10}},"loc":{"start":{"line":54,"column":10},"end":{"line":58,"column":5}}},"5":{"name":"(anonymous_5)","decl":{"start":{"line":66,"column":14},"end":{"line":66,"column":21}},"loc":{"start":{"line":66,"column":34},"end":{"line":68,"column":5}}},"6":{"name":"(anonymous_6)","decl":{"start":{"line":74,"column":14},"end":{"line":74,"column":25}},"loc":{"start":{"line":74,"column":65},"end":{"line":80,"column":5}}},"7":{"name":"(anonymous_7)","decl":{"start":{"line":88,"column":14},"end":{"line":88,"column":30}},"loc":{"start":{"line":91,"column":51},"end":{"line":94,"column":5}}},"8":{"name":"(anonymous_8)","decl":{"start":{"line":102,"column":14},"end":{"line":102,"column":33}},"loc":{"start":{"line":105,"column":48},"end":{"line":108,"column":5}}}},"branchMap":{"0":{"loc":{"start":{"line":16,"column":8},"end":{"line":18,"column":9}},"type":"if","locations":[{"start":{"line":16,"column":8},"end":{"line":18,"column":9}}]},"1":{"loc":{"start":{"line":19,"column":8},"end":{"line":21,"column":9}},"type":"if","locations":[{"start":{"line":19,"column":8},"end":{"line":21,"column":9}}]},"2":{"loc":{"start":{"line":75,"column":8},"end":{"line":79,"column":9}},"type":"if","locations":[{"start":{"line":75,"column":8},"end":{"line":79,"column":9}},{"start":{"line":77,"column":15},"end":{"line":79,"column":9}}]}},"s":{"0":8,"1":8,"2":0,"3":8,"4":0,"5":23,"6":0,"7":0,"8":0,"9":0,"10":0,"11":0,"12":0,"13":0,"14":1},"f":{"0":8,"1":23,"2":0,"3":0,"4":0,"5":0,"6":0,"7":0,"8":0},"b":{"0":[0],"1":[0],"2":[0,0]}}
,"/app/src/utils/helpers.ts": {"path":"/app/src/utils/helpers.ts","statementMap":{"0":{"start":{"line":9,"column":0},"end":{"line":9,"column":16}},"1":{"start":{"line":21,"column":0},"end":{"line":21,"column":16}},"2":{"start":{"line":46,"column":0},"end":{"line":46,"column":16}},"3":{"start":{"line":10,"column":21},"end":{"line":10,"column":64}},"4":{"start":{"line":11,"column":2},"end":{"line":11,"column":35}},"5":{"start":{"line":25,"column":56},"end":{"line":25,"column":60}},"6":{"start":{"line":27,"column":2},"end":{"line":36,"column":4}},"7":{"start":{"line":28,"column":4},"end":{"line":30,"column":5}},"8":{"start":{"line":29,"column":6},"end":{"line":29,"column":30}},"9":{"start":{"line":31,"column":4},"end":{"line":35,"column":14}},"10":{"start":{"line":32,"column":6},"end":{"line":32,"column":29}},"11":{"start":{"line":34,"column":6},"end":{"line":34,"column":23}},"12":{"start":{"line":47,"column":2},"end":{"line":54,"column":5}},"13":{"start":{"line":59,"column":13},"end":{"line":66,"column":2}}},"fnMap":{"0":{"name":"generateId","decl":{"start":{"line":9,"column":16},"end":{"line":9,"column":26}},"loc":{"start":{"line":9,"column":48},"end":{"line":12,"column":1}}},"1":{"name":"debounce","decl":{"start":{"line":21,"column":16},"end":{"line":21,"column":24}},"loc":{"start":{"line":23,"column":15},"end":{"line":37,"column":1}}},"2":{"name":"(anonymous_2)","decl":{"start":{"line":27,"column":9},"end":{"line":27,"column":47}},"loc":{"start":{"line":27,"column":69},"end":{"line":36,"column":3}}},"3":{"name":"(anonymous_3)","decl":{"start":{"line":31,"column":27},"end":{"line":31,"column":30}},"loc":{"start":{"line":31,"column":32},"end":{"line":35,"column":5}}},"4":{"name":"formatDate","decl":{"start":{"line":46,"column":16},"end":{"line":46,"column":26}},"loc":{"start":{"line":46,"column":63},"end":{"line":55,"column":1}}}},"branchMap":{"0":{"loc":{"start":{"line":9,"column":27},"end":{"line":9,"column":48}},"type":"default-arg","locations":[{"start":{"line":9,"column":44},"end":{"line":9,"column":48}}]},"1":{"loc":{"start":{"line":28,"column":4},"end":{"line":30,"column":5}},"type":"if","locations":[{"start":{"line":28,"column":4},"end":{"line":30,"column":5}}]},"2":{"loc":{"start":{"line":46,"column":39},"end":{"line":46,"column":63}},"type":"default-arg","locations":[{"start":{"line":46,"column":56},"end":{"line":46,"column":63}}]}},"s":{"0":2,"1":2,"2":2,"3":5,"4":5,"5":3,"6":3,"7":5,"8":2,"9":5,"10":3,"11":3,"12":3,"13":2},"f":{"0":5,"1":3,"2":5,"3":3,"4":3},"b":{"0":[1],"1":[2],"2":[2]}}
,"/app/src/utils/security.ts": {"path":"/app/src/utils/security.ts","statementMap":{"0":{"start":{"line":9,"column":0},"end":{"line":9,"column":16}},"1":{"start":{"line":10,"column":2},"end":{"line":12,"column":3}},"2":{"start":{"line":11,"column":4},"end":{"line":11,"column":14}},"3":{"start":{"line":13,"column":2},"end":{"line":18,"column":28}}},"fnMap":{"0":{"name":"escapeHtml","decl":{"start":{"line":9,"column":16},"end":{"line":9,"column":26}},"loc":{"start":{"line":9,"column":57},"end":{"line":19,"column":1}}}},"branchMap":{"0":{"loc":{"start":{"line":10,"column":2},"end":{"line":12,"column":3}},"type":"if","locations":[{"start":{"line":10,"column":2},"end":{"line":12,"column":3}}]},"1":{"loc":{"start":{"line":10,"column":6},"end":{"line":10,"column":39}},"type":"binary-expr","locations":[{"start":{"line":10,"column":6},"end":{"line":10,"column":23}},{"start":{"line":10,"column":27},"end":{"line":10,"column":39}}]}},"s":{"0":1,"1":17,"2":2,"3":15},"f":{"0":17},"b":{"0":[2],"1":[17,16]}}
}
