TN:
SF:src/app.ts
FNF:0
FNH:0
DA:6,2
DA:8,2
LF:2
LH:2
BRF:0
BRH:0
end_of_record
TN:
SF:src/main.ts
FN:7,(anonymous_0)
FN:11,(anonymous_1)
FN:15,(anonymous_2)
FN:23,(anonymous_3)
FNF:4
FNH:4
FNDA:3,(anonymous_0)
FNDA:3,(anonymous_1)
FNDA:1,(anonymous_2)
FNDA:3,(anonymous_3)
DA:4,3
DA:8,3
DA:12,3
DA:14,3
DA:15,1
DA:16,1
DA:19,2
DA:24,3
DA:25,3
DA:26,2
DA:27,2
DA:29,1
DA:35,3
LF:13
LH:13
BRDA:14,0,0,1
BRDA:14,0,1,2
BRDA:25,1,0,2
BRDA:25,1,1,1
BRF:4
BRH:4
end_of_record
TN:
SF:src/models/index.ts
FN:65,(anonymous_0)
FNF:1
FNH:0
FNDA:0,(anonymous_0)
DA:65,0
DA:66,0
DA:67,0
LF:3
LH:0
BRDA:65,0,0,0
BRDA:65,0,1,0
BRF:2
BRH:0
end_of_record
TN:
SF:src/services/calculation.service.ts
FN:20,getTotalVolumeMl
FN:48,calculateSingleItemConsumption
FN:120,calculateAreaConsumption
FN:126,(anonymous_3)
FNF:4
FNH:4
FNDA:48,getTotalVolumeMl
FNDA:24,calculateSingleItemConsumption
FNDA:6,calculateAreaConsumption
FNDA:18,(anonymous_3)
DA:26,48
DA:27,48
DA:28,33
DA:30,48
DA:31,29
DA:33,48
DA:34,20
DA:36,48
DA:48,1
DA:52,24
DA:55,24
DA:61,24
DA:63,24
DA:64,24
DA:71,24
DA:72,2
DA:80,24
DA:83,24
DA:84,19
DA:85,5
DA:87,1
DA:88,1
DA:90,4
DA:96,24
DA:98,23
DA:101,1
DA:104,24
DA:120,1
DA:124,6
DA:125,6
DA:126,18
DA:127,13
DA:128,9
DA:130,4
DA:134,4
DA:143,6
DA:146,1
LF:37
LH:37
BRDA:27,0,0,33
BRDA:27,1,0,48
BRDA:27,1,1,46
BRDA:27,1,2,46
BRDA:30,2,0,29
BRDA:33,3,0,20
BRDA:71,4,0,2
BRDA:83,5,0,19
BRDA:83,5,1,5
BRDA:83,6,0,24
BRDA:83,6,1,19
BRDA:85,7,0,1
BRDA:85,7,1,4
BRDA:85,8,0,5
BRDA:85,8,1,2
BRDA:96,9,0,23
BRDA:96,9,1,1
BRDA:127,10,0,9
BRDA:127,10,1,4
BRF:19
BRH:19
end_of_record
TN:
SF:src/services/indexeddb.service.ts
FN:39,(anonymous_0)
FN:55,(anonymous_1)
FN:83,(anonymous_2)
FN:90,(anonymous_3)
FN:98,(anonymous_4)
FN:106,(anonymous_5)
FN:113,(anonymous_6)
FN:121,(anonymous_7)
FN:129,(anonymous_8)
FN:137,(anonymous_9)
FN:145,(anonymous_10)
FN:157,(anonymous_11)
FN:165,(anonymous_12)
FN:172,(anonymous_13)
FN:179,(anonymous_14)
FN:186,(anonymous_15)
FN:194,(anonymous_16)
FN:208,(anonymous_17)
FN:224,(anonymous_18)
FN:240,(anonymous_19)
FN:285,(anonymous_20)
FNF:21
FNH:0
FNDA:0,(anonymous_0)
FNDA:0,(anonymous_1)
FNDA:0,(anonymous_2)
FNDA:0,(anonymous_3)
FNDA:0,(anonymous_4)
FNDA:0,(anonymous_5)
FNDA:0,(anonymous_6)
FNDA:0,(anonymous_7)
FNDA:0,(anonymous_8)
FNDA:0,(anonymous_9)
FNDA:0,(anonymous_10)
FNDA:0,(anonymous_11)
FNDA:0,(anonymous_12)
FNDA:0,(anonymous_13)
FNDA:0,(anonymous_14)
FNDA:0,(anonymous_15)
FNDA:0,(anonymous_16)
FNDA:0,(anonymous_17)
FNDA:0,(anonymous_18)
FNDA:0,(anonymous_19)
FNDA:0,(anonymous_20)
DA:1,0
DA:3,0
DA:5,0
DA:6,0
DA:40,0
DA:41,0
DA:45,0
DA:47,0
DA:56,0
DA:59,0
DA:60,0
DA:63,0
DA:69,0
DA:70,0
DA:75,0
DA:76,0
DA:84,0
DA:88,0
DA:91,0
DA:92,0
DA:99,0
DA:100,0
DA:109,0
DA:110,0
DA:117,0
DA:118,0
DA:125,0
DA:126,0
DA:133,0
DA:134,0
DA:141,0
DA:142,0
DA:146,0
DA:147,0
DA:158,0
DA:166,0
DA:173,0
DA:180,0
DA:188,0
DA:196,0
DA:197,0
DA:213,0
DA:215,0
DA:217,0
DA:218,0
DA:219,0
DA:220,0
DA:223,0
DA:224,0
DA:227,0
DA:228,0
DA:231,0
DA:232,0
DA:234,0
DA:239,0
DA:240,0
DA:243,0
DA:244,0
DA:247,0
DA:248,0
DA:250,0
DA:255,0
DA:257,0
DA:261,0
DA:265,0
DA:270,0
DA:271,0
DA:273,0
DA:274,0
DA:280,0
DA:290,0
DA:291,0
DA:292,0
DA:293,0
DA:298,0
DA:299,0
LF:76
LH:0
BRDA:40,0,0,0
BRDA:59,1,0,0
BRDA:69,2,0,0
BRDA:75,3,0,0
BRDA:232,4,0,0
BRDA:248,5,0,0
BRDA:255,6,0,0
BRDA:255,6,1,0
BRF:8
BRH:0
end_of_record
TN:
SF:src/services/theme.service.ts
FN:9,(anonymous_0)
FN:24,(anonymous_1)
FN:33,(anonymous_2)
FN:39,(anonymous_3)
FN:43,(anonymous_4)
FN:61,(anonymous_5)
FN:88,(anonymous_6)
FNF:7
FNH:0
FNDA:0,(anonymous_0)
FNDA:0,(anonymous_1)
FNDA:0,(anonymous_2)
FNDA:0,(anonymous_3)
FNDA:0,(anonymous_4)
FNDA:0,(anonymous_5)
FNDA:0,(anonymous_6)
DA:1,0
DA:3,0
DA:4,0
DA:6,0
DA:10,0
DA:14,0
DA:16,0
DA:17,0
DA:19,0
DA:21,0
DA:24,0
DA:26,0
DA:27,0
DA:28,0
DA:34,0
DA:35,0
DA:36,0
DA:40,0
DA:44,0
DA:45,0
DA:46,0
DA:47,0
DA:49,0
DA:50,0
DA:58,0
DA:65,0
DA:66,0
DA:67,0
DA:70,0
DA:71,0
DA:74,0
DA:76,0
DA:77,0
DA:81,0
DA:82,0
DA:84,0
DA:85,0
DA:88,0
DA:89,0
DA:95,0
DA:96,0
LF:41
LH:0
BRDA:14,0,0,0
BRDA:14,0,1,0
BRDA:16,1,0,0
BRDA:16,1,1,0
BRDA:19,2,0,0
BRDA:19,2,1,0
BRDA:26,3,0,0
BRDA:27,4,0,0
BRDA:27,4,1,0
BRDA:34,5,0,0
BRDA:34,5,1,0
BRDA:45,6,0,0
BRDA:45,6,1,0
BRDA:66,7,0,0
BRDA:66,7,1,0
BRDA:67,8,0,0
BRDA:67,8,1,0
BRDA:70,9,0,0
BRDA:70,10,0,0
BRDA:70,10,1,0
BRDA:74,11,0,0
BRDA:81,12,0,0
BRDA:84,13,0,0
BRF:23
BRH:0
end_of_record
TN:
SF:src/state/product.store.ts
FN:16,(anonymous_0)
FN:21,(anonymous_1)
FN:22,(anonymous_2)
FN:31,(anonymous_3)
FN:33,(anonymous_4)
FN:41,(anonymous_5)
FN:45,(anonymous_6)
FN:54,(anonymous_7)
FN:55,(anonymous_8)
FN:62,(anonymous_9)
FN:69,(anonymous_10)
FN:86,(anonymous_11)
FN:104,(anonymous_12)
FN:107,(anonymous_13)
FN:127,(anonymous_14)
FN:130,(anonymous_15)
FNF:16
FNH:16
FNDA:1,(anonymous_0)
FNDA:19,(anonymous_1)
FNDA:11,(anonymous_2)
FNDA:9,(anonymous_3)
FNDA:5,(anonymous_4)
FNDA:7,(anonymous_5)
FNDA:1,(anonymous_6)
FNDA:2,(anonymous_7)
FNDA:3,(anonymous_8)
FNDA:10,(anonymous_9)
FNDA:6,(anonymous_10)
FNDA:2,(anonymous_11)
FNDA:3,(anonymous_12)
FNDA:1,(anonymous_13)
FNDA:2,(anonymous_14)
FNDA:2,(anonymous_15)
DA:2,1
DA:13,1
DA:14,1
DA:22,19
DA:23,11
DA:24,11
DA:25,11
DA:26,10
DA:27,0
DA:32,9
DA:33,9
DA:42,7
DA:45,7
DA:46,1
DA:55,3
DA:63,10
DA:70,6
DA:71,6
DA:72,5
DA:74,1
DA:76,1
DA:88,2
DA:89,2
DA:90,1
DA:91,1
DA:92,1
DA:94,1
DA:95,1
DA:105,3
DA:106,3
DA:107,2
DA:108,2
DA:109,1
DA:113,1
DA:115,2
DA:116,2
DA:118,1
DA:119,1
DA:128,2
DA:129,2
DA:130,2
DA:131,1
DA:133,1
DA:134,1
DA:139,1
DA:140,1
LF:46
LH:45
BRDA:25,0,0,1
BRDA:26,1,0,10
BRDA:27,2,0,0
BRDA:27,2,1,0
BRDA:108,3,0,1
BRDA:108,3,1,1
BRF:6
BRH:4
end_of_record
TN:
SF:src/ui/ui-manager.ts
FN:18,initializeApp
FN:29,renderLayout
FN:50,(anonymous_2)
FN:51,(anonymous_3)
FN:59,(anonymous_4)
FN:71,navigateTo
FN:108,updateActiveNavButton
FN:109,(anonymous_7)
FNF:8
FNH:8
FNDA:13,initializeApp
FNDA:13,renderLayout
FNDA:65,(anonymous_2)
FNDA:8,(anonymous_3)
FNDA:1,(anonymous_4)
FNDA:21,navigateTo
FNDA:20,updateActiveNavButton
FNDA:100,(anonymous_7)
DA:1,1
DA:2,1
DA:3,1
DA:4,1
DA:5,1
DA:8,1
DA:12,1
DA:18,1
DA:19,13
DA:20,13
DA:21,13
DA:30,13
DA:32,13
DA:50,13
DA:51,65
DA:52,8
DA:53,8
DA:54,8
DA:59,13
DA:60,1
DA:72,21
DA:73,21
DA:74,21
DA:75,1
DA:76,1
DA:80,20
DA:81,20
DA:83,20
DA:85,2
DA:86,2
DA:88,6
DA:89,6
DA:91,5
DA:92,5
DA:94,2
DA:95,2
DA:97,2
DA:98,2
DA:100,3
DA:102,20
DA:109,20
DA:110,100
DA:111,18
DA:113,82
DA:118,1
LF:45
LH:45
BRDA:30,0,0,0
BRDA:53,1,0,8
BRDA:74,2,0,1
BRDA:83,3,0,2
BRDA:83,3,1,6
BRDA:83,3,2,5
BRDA:83,3,3,2
BRDA:83,3,4,2
BRDA:83,3,5,3
BRDA:110,4,0,18
BRDA:110,4,1,82
BRF:11
BRH:10
end_of_record
TN:
SF:src/ui/components/analytics-view.ts
FN:23,initAnalyticsView
FN:67,(anonymous_1)
FN:70,(anonymous_2)
FN:85,exportChartToPNG
FN:116,populateLocationSelector
FN:120,(anonymous_5)
FN:130,handleLocationSelectionForAnalytics
FN:141,(anonymous_7)
FN:143,(anonymous_8)
FN:158,handleCounterSelectionForAnalytics
FN:167,(anonymous_10)
FN:168,(anonymous_11)
FN:170,(anonymous_12)
FN:183,handleAreaSelectionForAnalytics
FN:193,clearReportAndCharts
FN:216,_aggregateInventoryData
FN:221,(anonymous_16)
FN:222,(anonymous_17)
FN:228,(anonymous_18)
FN:230,(anonymous_19)
FN:234,(anonymous_20)
FN:235,(anonymous_21)
FN:268,_calculateConsumptionData
FN:272,(anonymous_23)
FN:274,(anonymous_24)
FN:274,(anonymous_25)
FN:275,(anonymous_26)
FN:276,(anonymous_27)
FN:286,_updateReportUI
FN:298,(anonymous_29)
FN:299,(anonymous_30)
FN:314,generateReport
FN:325,(anonymous_32)
FN:361,renderCharts
FNF:34
FNH:33
FNDA:13,initAnalyticsView
FNDA:3,(anonymous_1)
FNDA:0,(anonymous_2)
FNDA:3,exportChartToPNG
FNDA:13,populateLocationSelector
FNDA:25,(anonymous_5)
FNDA:13,handleLocationSelectionForAnalytics
FNDA:12,(anonymous_7)
FNDA:10,(anonymous_8)
FNDA:2,handleCounterSelectionForAnalytics
FNDA:2,(anonymous_10)
FNDA:2,(anonymous_11)
FNDA:2,(anonymous_12)
FNDA:1,handleAreaSelectionForAnalytics
FNDA:5,clearReportAndCharts
FNDA:16,_aggregateInventoryData
FNDA:1,(anonymous_16)
FNDA:1,(anonymous_17)
FNDA:2,(anonymous_18)
FNDA:2,(anonymous_19)
FNDA:12,(anonymous_20)
FNDA:12,(anonymous_21)
FNDA:14,_calculateConsumptionData
FNDA:13,(anonymous_23)
FNDA:13,(anonymous_24)
FNDA:13,(anonymous_25)
FNDA:13,(anonymous_26)
FNDA:13,(anonymous_27)
FNDA:14,_updateReportUI
FNDA:13,(anonymous_29)
FNDA:13,(anonymous_30)
FNDA:17,generateReport
FNDA:17,(anonymous_32)
FNDA:32,renderCharts
DA:1,1
DA:3,1
DA:4,1
DA:5,1
DA:7,1
DA:9,1
DA:10,1
DA:11,1
DA:13,1
DA:14,1
DA:23,1
DA:24,13
DA:25,13
DA:56,13
DA:61,13
DA:62,13
DA:63,13
DA:64,13
DA:65,13
DA:67,13
DA:68,3
DA:70,13
DA:71,0
DA:75,13
DA:86,3
DA:87,1
DA:88,1
DA:89,1
DA:92,2
DA:93,2
DA:94,1
DA:95,1
DA:96,1
DA:99,1
DA:100,1
DA:101,1
DA:103,1
DA:105,1
DA:106,1
DA:117,13
DA:118,13
DA:119,13
DA:120,13
DA:121,25
DA:131,13
DA:132,13
DA:133,13
DA:135,13
DA:136,13
DA:137,13
DA:138,13
DA:140,13
DA:141,12
DA:142,11
DA:143,11
DA:144,10
DA:146,11
DA:150,13
DA:159,2
DA:160,2
DA:161,2
DA:163,2
DA:164,2
DA:166,2
DA:167,2
DA:168,2
DA:169,2
DA:170,2
DA:171,2
DA:173,2
DA:177,2
DA:185,1
DA:194,5
DA:195,5
DA:196,5
DA:197,5
DA:204,5
DA:205,5
DA:217,16
DA:218,16
DA:220,16
DA:221,1
DA:222,1
DA:223,1
DA:224,1
DA:225,1
DA:227,15
DA:228,2
DA:229,2
DA:230,2
DA:231,2
DA:234,13
DA:235,12
DA:241,16
DA:242,15
DA:243,15
DA:244,13
DA:245,13
DA:247,0
DA:248,0
DA:249,0
DA:250,0
DA:251,0
DA:252,0
DA:253,0
DA:256,15
DA:259,16
DA:269,14
DA:272,14
DA:274,14
DA:275,14
DA:276,14
DA:278,14
DA:295,14
DA:297,14
DA:298,14
DA:299,14
DA:300,14
DA:305,14
DA:315,17
DA:316,17
DA:317,17
DA:319,17
DA:320,1
DA:321,1
DA:322,1
DA:325,17
DA:326,16
DA:327,0
DA:328,0
DA:329,0
DA:333,16
DA:334,0
DA:335,0
DA:336,0
DA:339,16
DA:341,16
DA:342,2
DA:343,2
DA:344,2
DA:347,14
DA:348,14
DA:362,32
DA:363,32
DA:365,32
DA:366,1
DA:367,1
DA:370,31
DA:371,25
DA:373,31
DA:374,15
DA:377,31
DA:396,31
DA:397,14
DA:423,1
LF:155
LH:141
BRDA:86,0,0,1
BRDA:86,1,0,3
BRDA:86,1,1,2
BRDA:118,2,0,0
BRDA:140,3,0,11
BRDA:142,4,0,11
BRDA:150,5,0,11
BRDA:150,5,1,2
BRDA:166,6,0,2
BRDA:166,7,0,2
BRDA:166,7,1,2
BRDA:169,8,0,2
BRDA:194,9,0,5
BRDA:195,10,0,3
BRDA:220,11,0,1
BRDA:220,11,1,15
BRDA:220,12,0,16
BRDA:220,12,1,1
BRDA:223,13,0,1
BRDA:227,14,0,2
BRDA:227,14,1,13
BRDA:229,15,0,2
BRDA:241,16,0,15
BRDA:244,17,0,13
BRDA:244,17,1,0
BRDA:248,18,0,0
BRDA:248,18,1,0
BRDA:248,19,0,0
BRDA:248,19,1,0
BRDA:249,20,0,0
BRDA:249,20,1,0
BRDA:249,21,0,0
BRDA:249,21,1,0
BRDA:250,22,0,0
BRDA:250,22,1,0
BRDA:250,23,0,0
BRDA:250,23,1,0
BRDA:251,24,0,0
BRDA:251,24,1,0
BRDA:251,25,0,0
BRDA:251,25,1,0
BRDA:252,26,0,0
BRDA:252,26,1,0
BRDA:252,27,0,0
BRDA:252,27,1,0
BRDA:253,28,0,0
BRDA:253,28,1,0
BRDA:253,29,0,0
BRDA:253,29,1,0
BRDA:272,30,0,13
BRDA:272,30,1,13
BRDA:274,31,0,13
BRDA:274,31,1,0
BRDA:275,32,0,13
BRDA:275,32,1,0
BRDA:298,33,0,13
BRDA:298,33,1,0
BRDA:319,34,0,1
BRDA:326,35,0,0
BRDA:333,36,0,0
BRDA:333,37,0,16
BRDA:333,37,1,1
BRDA:341,38,0,2
BRDA:365,39,0,1
BRDA:365,40,0,32
BRDA:365,40,1,31
BRDA:370,41,0,25
BRDA:373,42,0,15
BRDA:396,43,0,14
BRF:69
BRH:38
end_of_record
TN:
SF:src/ui/components/area-list-item.component.ts
FN:23,(anonymous_0)
FN:32,(anonymous_1)
FN:44,(anonymous_2)
FN:50,(anonymous_3)
FN:63,(anonymous_4)
FN:72,(anonymous_5)
FNF:6
FNH:6
FNDA:8,(anonymous_0)
FNDA:11,(anonymous_1)
FNDA:2,(anonymous_2)
FNDA:1,(anonymous_3)
FNDA:3,(anonymous_4)
FNDA:2,(anonymous_5)
DA:1,1
DA:3,1
DA:14,1
DA:24,8
DA:25,8
DA:26,8
DA:27,8
DA:28,8
DA:29,8
DA:33,11
DA:35,11
DA:36,11
DA:38,11
DA:40,11
DA:41,11
DA:42,11
DA:43,11
DA:44,11
DA:46,11
DA:47,11
DA:48,11
DA:49,11
DA:50,11
DA:52,11
DA:53,11
DA:55,11
DA:56,11
DA:64,3
DA:65,3
DA:73,2
DA:76,1
LF:31
LH:31
BRDA:36,0,0,11
BRDA:36,0,1,1
BRF:2
BRH:2
end_of_record
TN:
SF:src/ui/components/location-list-item.component.ts
FN:23,(anonymous_0)
FN:32,(anonymous_1)
FN:47,(anonymous_2)
FN:54,(anonymous_3)
FN:67,(anonymous_4)
FN:76,(anonymous_5)
FNF:6
FNH:6
FNDA:6,(anonymous_0)
FNDA:8,(anonymous_1)
FNDA:2,(anonymous_2)
FNDA:1,(anonymous_3)
FNDA:2,(anonymous_4)
FNDA:2,(anonymous_5)
DA:1,1
DA:3,1
DA:14,1
DA:24,6
DA:25,6
DA:26,6
DA:27,6
DA:28,6
DA:29,6
DA:34,8
DA:36,8
DA:37,8
DA:38,8
DA:40,8
DA:42,8
DA:43,8
DA:44,8
DA:45,8
DA:46,8
DA:47,8
DA:49,8
DA:50,8
DA:51,8
DA:52,8
DA:53,8
DA:54,8
DA:56,8
DA:57,8
DA:59,8
DA:60,8
DA:68,2
DA:69,2
DA:77,2
DA:80,1
LF:34
LH:34
BRF:0
BRH:0
end_of_record
TN:
SF:src/ui/components/product-form.component.ts
FN:42,(anonymous_0)
FN:53,(anonymous_1)
FN:65,(anonymous_2)
FN:106,(anonymous_3)
FN:127,(anonymous_4)
FN:136,(anonymous_5)
FN:223,(anonymous_6)
FN:231,(anonymous_7)
FN:255,(anonymous_8)
FN:261,(anonymous_9)
FNF:10
FNH:9
FNDA:14,(anonymous_0)
FNDA:14,(anonymous_1)
FNDA:84,(anonymous_2)
FNDA:14,(anonymous_3)
FNDA:14,(anonymous_4)
FNDA:6,(anonymous_5)
FNDA:1,(anonymous_6)
FNDA:10,(anonymous_7)
FNDA:0,(anonymous_8)
FNDA:14,(anonymous_9)
DA:1,1
DA:3,1
DA:4,1
DA:6,1
DA:20,1
DA:22,14
DA:36,14
DA:43,14
DA:44,14
DA:45,14
DA:46,14
DA:47,14
DA:48,14
DA:49,13
DA:54,14
DA:55,14
DA:66,84
DA:102,14
DA:103,14
DA:107,14
DA:108,14
DA:109,14
DA:111,14
DA:112,14
DA:113,14
DA:114,14
DA:115,14
DA:116,14
DA:117,14
DA:118,14
DA:119,14
DA:122,14
DA:123,0
DA:128,14
DA:130,14
DA:131,14
DA:132,14
DA:137,6
DA:139,6
DA:140,6
DA:141,6
DA:142,6
DA:144,6
DA:145,6
DA:146,6
DA:147,2
DA:148,2
DA:149,0
DA:150,0
DA:151,0
DA:155,6
DA:156,6
DA:157,6
DA:158,1
DA:159,1
DA:160,0
DA:161,0
DA:162,0
DA:166,6
DA:167,6
DA:168,6
DA:170,6
DA:171,3
DA:172,3
DA:173,3
DA:176,3
DA:177,0
DA:178,0
DA:179,0
DA:181,3
DA:182,0
DA:183,0
DA:184,0
DA:187,3
DA:195,3
DA:196,1
DA:198,3
DA:199,1
DA:201,3
DA:202,1
DA:204,3
DA:205,1
DA:207,3
DA:208,1
DA:211,3
DA:212,3
DA:219,1
DA:224,1
DA:232,10
DA:233,10
DA:235,10
DA:236,10
DA:237,10
DA:238,10
DA:239,10
DA:240,10
DA:241,10
DA:242,10
DA:243,10
DA:245,10
DA:246,10
DA:247,10
DA:249,10
DA:250,10
DA:251,10
DA:254,10
DA:255,10
DA:262,14
DA:264,14
DA:265,14
DA:267,14
DA:269,14
DA:270,14
DA:271,14
DA:272,14
DA:273,14
DA:274,14
DA:275,14
DA:276,14
DA:280,1
LF:120
LH:107
BRDA:44,0,0,14
BRDA:44,0,1,13
BRDA:48,1,0,13
BRDA:56,2,0,1
BRDA:56,2,1,13
BRDA:60,3,0,14
BRDA:60,3,1,13
BRDA:66,4,0,1
BRDA:66,4,1,83
BRDA:72,5,0,14
BRDA:72,5,1,13
BRDA:76,6,0,14
BRDA:76,6,1,13
BRDA:80,7,0,14
BRDA:80,7,1,13
BRDA:84,8,0,14
BRDA:84,8,1,13
BRDA:88,9,0,14
BRDA:88,9,1,13
BRDA:92,10,0,14
BRDA:92,10,1,13
BRDA:96,11,0,14
BRDA:96,11,1,13
BRDA:98,12,0,1
BRDA:98,12,1,13
BRDA:108,13,0,0
BRDA:122,14,0,0
BRDA:131,15,0,14
BRDA:146,16,0,2
BRDA:148,17,0,0
BRDA:157,18,0,1
BRDA:159,19,0,0
BRDA:166,20,0,6
BRDA:166,20,1,4
BRDA:167,21,0,6
BRDA:167,21,1,5
BRDA:168,22,0,6
BRDA:168,22,1,5
BRDA:170,23,0,3
BRDA:170,24,0,6
BRDA:170,24,1,5
BRDA:170,24,2,4
BRDA:170,24,3,4
BRDA:170,24,4,4
BRDA:170,24,5,3
BRDA:176,25,0,0
BRDA:176,26,0,3
BRDA:176,26,1,1
BRDA:181,27,0,0
BRDA:181,28,0,3
BRDA:181,28,1,1
BRDA:188,29,0,3
BRDA:188,29,1,2
BRDA:195,30,0,1
BRDA:198,31,0,1
BRDA:201,32,0,1
BRDA:204,33,0,1
BRDA:207,34,0,1
BRDA:232,35,0,10
BRDA:232,35,1,7
BRDA:235,36,0,10
BRDA:235,36,1,7
BRDA:236,37,0,10
BRDA:236,37,1,7
BRDA:236,37,2,0
BRDA:237,38,0,10
BRDA:237,38,1,7
BRDA:238,39,0,10
BRDA:238,39,1,7
BRDA:239,40,0,10
BRDA:239,40,1,7
BRDA:240,41,0,10
BRDA:240,41,1,7
BRDA:241,42,0,10
BRDA:241,42,1,7
BRDA:242,43,0,10
BRDA:242,43,1,7
BRDA:243,44,0,10
BRDA:243,44,1,7
BRDA:246,45,0,10
BRDA:247,46,0,3
BRDA:247,46,1,7
BRDA:250,47,0,10
BRDA:251,48,0,3
BRDA:251,48,1,7
BRDA:264,49,0,14
BRDA:267,50,0,14
BRDA:267,51,0,14
BRDA:267,51,1,0
BRF:89
BRH:81
end_of_record
TN:
SF:src/ui/components/product-list-item.component.ts
FN:23,(anonymous_0)
FN:32,(anonymous_1)
FN:46,(anonymous_2)
FN:49,(anonymous_3)
FN:56,(anonymous_4)
FN:66,(anonymous_5)
FN:75,(anonymous_6)
FNF:7
FNH:7
FNDA:6,(anonymous_0)
FNDA:8,(anonymous_1)
FNDA:8,(anonymous_2)
FNDA:2,(anonymous_3)
FNDA:1,(anonymous_4)
FNDA:2,(anonymous_5)
FNDA:2,(anonymous_6)
DA:1,1
DA:3,1
DA:14,1
DA:24,6
DA:25,6
DA:26,6
DA:27,6
DA:28,6
DA:29,6
DA:33,8
DA:43,8
DA:47,8
DA:48,8
DA:49,8
DA:51,0
DA:54,8
DA:55,8
DA:56,8
DA:58,0
DA:67,2
DA:68,2
DA:76,2
DA:79,1
LF:23
LH:21
BRDA:48,0,0,8
BRDA:48,0,1,0
BRDA:55,1,0,8
BRDA:55,1,1,0
BRF:4
BRH:2
end_of_record
TN:
SF:src/ui/components/product-list.component.ts
FN:21,(anonymous_0)
FN:28,(anonymous_1)
FN:36,(anonymous_2)
FN:59,(anonymous_3)
FN:75,(anonymous_4)
FN:88,(anonymous_5)
FN:98,(anonymous_6)
FN:115,(anonymous_7)
FN:142,(anonymous_8)
FN:143,(anonymous_9)
FN:174,(anonymous_10)
FN:201,(anonymous_11)
FN:202,(anonymous_12)
FNF:13
FNH:13
FNDA:8,(anonymous_0)
FNDA:47,(anonymous_1)
FNDA:11,(anonymous_2)
FNDA:11,(anonymous_3)
FNDA:26,(anonymous_4)
FNDA:10,(anonymous_5)
FNDA:2,(anonymous_6)
FNDA:5,(anonymous_7)
FNDA:2,(anonymous_8)
FNDA:4,(anonymous_9)
FNDA:1,(anonymous_10)
FNDA:4,(anonymous_11)
FNDA:9,(anonymous_12)
DA:1,1
DA:3,1
DA:9,1
DA:10,8
DA:14,8
DA:22,8
DA:23,8
DA:24,8
DA:29,47
DA:30,47
DA:31,47
DA:32,24
DA:33,11
DA:37,11
DA:38,8
DA:39,8
DA:40,8
DA:41,8
DA:42,8
DA:53,8
DA:54,8
DA:55,8
DA:60,11
DA:61,2
DA:62,2
DA:63,2
DA:64,2
DA:65,2
DA:68,9
DA:70,9
DA:71,9
DA:73,9
DA:75,9
DA:76,26
DA:77,26
DA:78,26
DA:79,26
DA:89,10
DA:90,10
DA:99,2
DA:100,2
DA:101,2
DA:103,2
DA:104,0
DA:105,0
DA:108,2
DA:111,2
DA:112,2
DA:115,5
DA:116,2
DA:117,2
DA:118,1
DA:120,1
DA:121,1
DA:122,1
DA:123,1
DA:124,1
DA:127,0
DA:131,0
DA:143,4
DA:144,2
DA:145,0
DA:146,0
DA:149,2
DA:150,2
DA:152,2
DA:153,2
DA:154,0
DA:155,0
DA:158,2
DA:161,2
DA:162,2
DA:163,2
DA:164,2
DA:165,2
DA:167,2
DA:168,1
DA:170,1
DA:171,1
DA:172,1
DA:174,1
DA:176,1
DA:177,0
DA:179,1
DA:180,1
DA:181,1
DA:182,1
DA:183,1
DA:185,0
DA:188,0
DA:202,9
DA:203,4
DA:204,4
DA:205,4
DA:206,4
DA:209,4
DA:210,1
DA:214,1
LF:98
LH:87
BRDA:31,0,0,23
BRDA:32,1,0,13
BRDA:33,2,0,0
BRDA:33,2,1,11
BRDA:37,3,0,8
BRDA:37,4,0,11
BRDA:37,4,1,3
BRDA:37,4,2,3
BRDA:60,5,0,2
BRDA:70,6,0,9
BRDA:78,7,0,26
BRDA:103,8,0,0
BRDA:116,9,0,2
BRDA:117,10,0,1
BRDA:117,10,1,1
BRDA:117,11,0,2
BRDA:117,11,1,1
BRDA:121,12,0,1
BRDA:121,12,1,0
BRDA:123,13,0,1
BRDA:123,13,1,0
BRDA:123,14,0,1
BRDA:123,14,1,1
BRDA:144,15,0,0
BRDA:153,16,0,0
BRDA:161,17,0,2
BRDA:167,18,0,1
BRDA:167,19,0,2
BRDA:167,19,1,1
BRDA:170,20,0,1
BRDA:176,21,0,0
BRDA:176,21,1,1
BRDA:176,22,0,1
BRDA:176,22,1,1
BRDA:180,23,0,1
BRDA:180,23,1,0
BRDA:182,24,0,1
BRDA:182,24,1,0
BRDA:182,25,0,1
BRDA:182,25,1,1
BRDA:204,26,0,4
BRDA:209,27,0,1
BRF:42
BRH:33
end_of_record
TN:
SF:src/ui/components/product-manager.ts
FN:26,initProductManager
FN:72,(anonymous_1)
FN:88,handleEditProduct
FN:100,handleDeleteProductRequest
FN:109,(anonymous_4)
FN:126,handleProductFormSubmit
FN:128,(anonymous_6)
FN:151,handleProductFormCancel
FN:160,initialLoadAndSubscribe
FN:186,handleExportProductsCsv
FNF:10
FNH:9
FNDA:11,initProductManager
FNDA:1,(anonymous_1)
FNDA:1,handleEditProduct
FNDA:2,handleDeleteProductRequest
FNDA:0,(anonymous_4)
FNDA:3,handleProductFormSubmit
FNDA:2,(anonymous_6)
FNDA:1,handleProductFormCancel
FNDA:11,initialLoadAndSubscribe
FNDA:1,handleExportProductsCsv
DA:4,11
DA:5,11
DA:7,11
DA:8,11
DA:10,11
DA:12,11
DA:16,11
DA:17,11
DA:26,11
DA:27,11
DA:28,11
DA:44,11
DA:45,11
DA:47,11
DA:48,0
DA:49,0
DA:52,11
DA:57,11
DA:58,11
DA:60,11
DA:64,11
DA:65,11
DA:68,11
DA:70,11
DA:71,11
DA:72,11
DA:73,1
DA:77,11
DA:78,11
DA:79,11
DA:89,1
DA:101,2
DA:102,1
DA:103,1
DA:104,1
DA:105,1
DA:107,1
DA:108,1
DA:109,1
DA:112,0
DA:113,0
DA:128,3
DA:130,3
DA:131,3
DA:132,2
DA:133,1
DA:136,1
DA:137,1
DA:139,2
DA:142,1
DA:143,1
DA:144,1
DA:152,1
DA:161,11
DA:162,0
DA:163,0
DA:169,11
DA:171,11
DA:173,11
DA:175,0
DA:176,0
DA:187,1
DA:188,1
DA:189,0
DA:190,0
DA:192,1
DA:193,1
DA:194,1
DA:196,0
DA:197,0
DA:201,11
LF:71
LH:59
BRDA:47,0,0,0
BRDA:47,1,0,11
BRDA:47,1,1,11
BRDA:71,2,0,11
BRDA:78,3,0,11
BRDA:101,4,0,1
BRDA:108,5,0,1
BRDA:131,6,0,2
BRDA:131,6,1,1
BRDA:161,7,0,0
BRDA:188,8,0,0
BRF:11
BRH:8
end_of_record
TN:
SF:src/ui/components/toast-notifications.ts
FN:10,ensureToastContainer
FN:36,showToast
FN:73,(anonymous_2)
FN:78,(anonymous_3)
FN:81,(anonymous_4)
FNF:5
FNH:2
FNDA:13,ensureToastContainer
FNDA:13,showToast
FNDA:0,(anonymous_2)
FNDA:0,(anonymous_3)
FNDA:0,(anonymous_4)
DA:1,2
DA:11,13
DA:12,1
DA:13,1
DA:15,1
DA:16,1
DA:17,1
DA:18,1
DA:19,1
DA:20,1
DA:21,1
DA:22,1
DA:24,13
DA:36,2
DA:37,13
DA:39,13
DA:40,13
DA:41,13
DA:44,13
DA:45,13
DA:48,13
DA:49,13
DA:50,13
DA:51,13
DA:52,13
DA:53,13
DA:55,13
DA:57,3
DA:58,3
DA:60,1
DA:61,1
DA:63,1
DA:64,1
DA:66,8
DA:67,8
DA:70,13
DA:73,13
DA:74,0
DA:78,13
DA:79,0
DA:80,0
DA:81,0
DA:82,0
DA:83,0
DA:92,2
LF:45
LH:39
BRDA:11,0,0,1
BRDA:36,1,0,0
BRDA:36,2,0,0
BRDA:55,3,0,3
BRDA:55,3,1,1
BRDA:55,3,2,1
BRDA:55,3,3,8
BRDA:83,4,0,0
BRF:8
BRH:5
end_of_record
TN:
SF:src/ui/core/base-component.ts
FN:14,(anonymous_0)
FN:28,(anonymous_1)
FN:36,(anonymous_2)
FN:43,(anonymous_3)
FN:54,(anonymous_4)
FN:66,(anonymous_5)
FN:74,(anonymous_6)
FN:88,(anonymous_7)
FN:102,(anonymous_8)
FNF:9
FNH:2
FNDA:8,(anonymous_0)
FNDA:23,(anonymous_1)
FNDA:0,(anonymous_2)
FNDA:0,(anonymous_3)
FNDA:0,(anonymous_4)
FNDA:0,(anonymous_5)
FNDA:0,(anonymous_6)
FNDA:0,(anonymous_7)
FNDA:0,(anonymous_8)
DA:5,1
DA:15,8
DA:16,8
DA:17,0
DA:19,8
DA:20,0
DA:29,23
DA:37,0
DA:44,0
DA:67,0
DA:75,0
DA:76,0
DA:78,0
DA:93,0
DA:107,0
LF:15
LH:5
BRDA:16,0,0,0
BRDA:19,1,0,0
BRDA:75,2,0,0
BRDA:75,2,1,0
BRF:4
BRH:0
end_of_record
TN:
SF:src/utils/helpers.ts
FN:9,generateId
FN:21,debounce
FN:27,(anonymous_2)
FN:31,(anonymous_3)
FN:46,formatDate
FNF:5
FNH:5
FNDA:5,generateId
FNDA:3,debounce
FNDA:5,(anonymous_2)
FNDA:3,(anonymous_3)
FNDA:3,formatDate
DA:9,2
DA:10,5
DA:11,5
DA:21,2
DA:25,3
DA:27,3
DA:28,5
DA:29,2
DA:31,5
DA:32,3
DA:34,3
DA:46,2
DA:47,3
DA:59,2
LF:14
LH:14
BRDA:9,0,0,1
BRDA:28,1,0,2
BRDA:46,2,0,2
BRF:3
BRH:3
end_of_record
TN:
SF:src/utils/security.ts
FN:9,escapeHtml
FNF:1
FNH:1
FNDA:17,escapeHtml
DA:9,1
DA:10,17
DA:11,2
DA:13,15
LF:4
LH:4
BRDA:10,0,0,2
BRDA:10,1,0,17
BRDA:10,1,1,16
BRF:3
BRH:3
end_of_record
